#
# A fatal error has been detected by the Java Runtime Environment:
#
#  SIGSEGV (0xb) at pc=0x000071855184ce00, pid=16454, tid=16479
#
# JRE version: Java(TM) SE Runtime Environment (21.0.2+13) (build 21.0.2+13-LTS-58)
# Java VM: Java HotSpot(TM) 64-Bit Server VM (21.0.2+13-LTS-58, mixed mode, sharing, tiered, compressed oops, compressed class ptrs, g1 gc, linux-amd64)
# Problematic frame:
# V  [libjvm.so+0xc4ce00]  Method::link_method(methodHandle const&, JavaThread*)+0x0
#
# Core dump will be written. Default location: Core dumps may be processed with "/usr/share/apport/apport -p%p -s%s -c%c -d%d -P%P -u%u -g%g -- %E" (or dumping to /home/code/Downloads/forcompanytask/job chat app1/first/core.16454)
#
# If you would like to submit a bug report, please visit:
#   https://bugreport.java.com/bugreport/crash.jsp
#

---------------  S U M M A R Y ------------

Command Line: -Dmaven.multiModuleProjectDirectory=/home/code/Downloads/forcompanytask/job chat app1/first -Djansi.passthrough=true -Dmaven.home=/home/code/.m2/wrapper/dists/apache-maven-3.9.5-bin/2adeog8mj13csp1uusqnc1f2mo/apache-maven-3.9.5 -Dclassworlds.conf=/home/code/.m2/wrapper/dists/apache-maven-3.9.5-bin/2adeog8mj13csp1uusqnc1f2mo/apache-maven-3.9.5/bin/m2.conf -Dmaven.ext.class.path=/snap/intellij-idea-community/491/plugins/maven/lib/maven-event-listener.jar -javaagent:/snap/intellij-idea-community/491/lib/idea_rt.jar=43707:/snap/intellij-idea-community/491/bin -Dfile.encoding=UTF-8 -Dsun.stdout.encoding=UTF-8 -Dsun.stderr.encoding=UTF-8 org.codehaus.classworlds.Launcher -Didea.version=2023.3.5 clean

Host: Intel(R) Core(TM) i3-8130U CPU @ 2.20GHz, 4 cores, 7G, Ubuntu 22.04.4 LTS
Time: Thu Mar 21 00:18:26 2024 IST elapsed time: 1.471740 seconds (0d 0h 0m 1s)

---------------  T H R E A D  ---------------

Current thread (0x00007184c4000ff0):  JavaThread "Attach Listener" daemon [_thread_in_vm, id=16479, stack(0x00007184d8cfd000,0x00007184d8dfd000) (1024K)]

Stack: [0x00007184d8cfd000,0x00007184d8dfd000],  sp=0x00007184d8df8e88,  free space=1007k
Native frames: (J=compiled Java code, j=interpreted, Vv=VM code, C=native code)
V  [libjvm.so+0xc4ce00]  Method::link_method(methodHandle const&, JavaThread*)+0x0
V  [libjvm.so+0x8b6cb7]  InstanceKlass::link_class_impl(JavaThread*)+0x167
V  [libjvm.so+0x8b6bec]  InstanceKlass::link_class_impl(JavaThread*)+0x9c
V  [libjvm.so+0x8bcbdb]  InstanceKlass::initialize_impl(JavaThread*)+0xab
V  [libjvm.so+0xb51e49]  LinkResolver::resolve_field(fieldDescriptor&, LinkInfo const&, Bytecodes::Code, bool, JavaThread*)+0x3f9
V  [libjvm.so+0xb5241f]  LinkResolver::resolve_field_access(fieldDescriptor&, constantPoolHandle const&, int, methodHandle const&, Bytecodes::Code, JavaThread*)+0x13f
V  [libjvm.so+0x8da6a8]  InterpreterRuntime::resolve_get_put(JavaThread*, Bytecodes::Code)+0x1a8
V  [libjvm.so+0x8db28d]  InterpreterRuntime::resolve_from_cache(JavaThread*, Bytecodes::Code)+0x15d
j  java.time.LocalDate.of(III)Ljava/time/LocalDate;+0 java.base@21.0.2
j  java.time.LocalDate.<clinit>()V+5 java.base@21.0.2
v  ~StubRoutines::call_stub 0x000071853bf37cc6
V  [libjvm.so+0x8e28d5]  JavaCalls::call_helper(JavaValue*, methodHandle const&, JavaCallArguments*, JavaThread*)+0x2e5
V  [libjvm.so+0x8bc132]  InstanceKlass::call_class_initializer(JavaThread*)+0x312
V  [libjvm.so+0x8bcfa2]  InstanceKlass::initialize_impl(JavaThread*)+0x472
V  [libjvm.so+0xb51e49]  LinkResolver::resolve_field(fieldDescriptor&, LinkInfo const&, Bytecodes::Code, bool, JavaThread*)+0x3f9
V  [libjvm.so+0xb5241f]  LinkResolver::resolve_field_access(fieldDescriptor&, constantPoolHandle const&, int, methodHandle const&, Bytecodes::Code, JavaThread*)+0x13f
V  [libjvm.so+0x8da6a8]  InterpreterRuntime::resolve_get_put(JavaThread*, Bytecodes::Code)+0x1a8
V  [libjvm.so+0x8db28d]  InterpreterRuntime::resolve_from_cache(JavaThread*, Bytecodes::Code)+0x15d
j  java.time.LocalDateTime.<clinit>()V+0 java.base@21.0.2
v  ~StubRoutines::call_stub 0x000071853bf37cc6
V  [libjvm.so+0x8e28d5]  JavaCalls::call_helper(JavaValue*, methodHandle const&, JavaCallArguments*, JavaThread*)+0x2e5
V  [libjvm.so+0x8bc132]  InstanceKlass::call_class_initializer(JavaThread*)+0x312
V  [libjvm.so+0x8bcfa2]  InstanceKlass::initialize_impl(JavaThread*)+0x472
V  [libjvm.so+0xb550aa]  LinkResolver::resolve_static_call(CallInfo&, LinkInfo const&, bool, JavaThread*)+0x17a
V  [libjvm.so+0xb5597b]  LinkResolver::resolve_invoke(CallInfo&, Handle, constantPoolHandle const&, int, Bytecodes::Code, JavaThread*)+0x1fb
V  [libjvm.so+0x8dab77]  InterpreterRuntime::resolve_invoke(JavaThread*, Bytecodes::Code)+0x177
V  [libjvm.so+0x8db235]  InterpreterRuntime::resolve_from_cache(JavaThread*, Bytecodes::Code)+0x105
j  java.time.zone.ZoneOffsetTransition.<init>(JLjava/time/ZoneOffset;Ljava/time/ZoneOffset;)V+13 java.base@21.0.2
j  java.time.zone.ZoneRules.<init>([J[Ljava/time/ZoneOffset;[J[Ljava/time/ZoneOffset;[Ljava/time/zone/ZoneOffsetTransitionRule;)V+114 java.base@21.0.2
j  java.time.zone.ZoneRules.readExternal(Ljava/io/DataInput;)Ljava/time/zone/ZoneRules;+272 java.base@21.0.2
j  java.time.zone.Ser.readInternal(BLjava/io/DataInput;)Ljava/io/Serializable;+29 java.base@21.0.2
j  java.time.zone.Ser.read(Ljava/io/DataInput;)Ljava/io/Serializable;+9 java.base@21.0.2
j  java.time.zone.TzdbZoneRulesProvider.provideRules(Ljava/lang/String;Z)Ljava/time/zone/ZoneRules;+75 java.base@21.0.2
j  java.time.zone.ZoneRulesProvider.getRules(Ljava/lang/String;Z)Ljava/time/zone/ZoneRules;+13 java.base@21.0.2
j  java.time.ZoneRegion.ofId(Ljava/lang/String;Z)Ljava/time/ZoneRegion;+15 java.base@21.0.2
j  java.time.ZoneId.of(Ljava/lang/String;Z)Ljava/time/ZoneId;+81 java.base@21.0.2
j  java.time.ZoneId.of(Ljava/lang/String;)Ljava/time/ZoneId;+2 java.base@21.0.2
j  java.time.ZoneId.of(Ljava/lang/String;Ljava/util/Map;)Ljava/time/ZoneId;+33 java.base@21.0.2
j  java.util.TimeZone.toZoneId0()Ljava/time/ZoneId;+97 java.base@21.0.2
j  java.util.TimeZone.toZoneId()Ljava/time/ZoneId;+11 java.base@21.0.2
j  java.util.TimeZone.toZoneId0()Ljava/time/ZoneId;+30 java.base@21.0.2
j  java.util.TimeZone.toZoneId()Ljava/time/ZoneId;+11 java.base@21.0.2
j  sun.util.cldr.CLDRTimeZoneNameProviderImpl.getDisplayNameArray(Ljava/lang/String;Ljava/util/Locale;)[Ljava/lang/String;+153 java.base@21.0.2
j  sun.util.locale.provider.TimeZoneNameProviderImpl.getDisplayName(Ljava/lang/String;ZILjava/util/Locale;)Ljava/lang/String;+4 java.base@21.0.2
j  sun.util.locale.provider.TimeZoneNameUtility$TimeZoneNameGetter.getName(Ljava/util/spi/TimeZoneNameProvider;Ljava/util/Locale;Ljava/lang/String;ILjava/lang/String;)Ljava/lang/String;+126 java.base@21.0.2
j  sun.util.locale.provider.TimeZoneNameUtility$TimeZoneNameGetter.getObject(Ljava/util/spi/TimeZoneNameProvider;Ljava/util/Locale;Ljava/lang/String;[Ljava/lang/Object;)Ljava/lang/String;+49 java.base@21.0.2
j  sun.util.locale.provider.TimeZoneNameUtility$TimeZoneNameGetter.getObject(Ljava/util/spi/LocaleServiceProvider;Ljava/util/Locale;Ljava/lang/String;[Ljava/lang/Object;)Ljava/lang/Object;+9 java.base@21.0.2
j  sun.util.locale.provider.LocaleServiceProviderPool.getLocalizedObjectImpl(Lsun/util/locale/provider/LocaleServiceProviderPool$LocalizedObjectGetter;Ljava/util/Locale;ZLjava/lang/String;[Ljava/lang/Object;)Ljava/lang/Object;+93 java.base@21.0.2
j  sun.util.locale.provider.LocaleServiceProviderPool.getLocalizedObject(Lsun/util/locale/provider/LocaleServiceProviderPool$LocalizedObjectGetter;Ljava/util/Locale;Ljava/lang/String;[Ljava/lang/Object;)Ljava/lang/Object;+7 java.base@21.0.2
j  sun.util.locale.provider.TimeZoneNameUtility.retrieveDisplayNamesImpl(Ljava/lang/String;Ljava/util/Locale;)[Ljava/lang/String;+140 java.base@21.0.2
j  sun.util.locale.provider.TimeZoneNameUtility.retrieveDisplayName(Ljava/lang/String;ZILjava/util/Locale;)Ljava/lang/String;+2 java.base@21.0.2
j  java.util.TimeZone.getDisplayName(ZILjava/util/Locale;)Ljava/lang/String;+47 java.base@21.0.2
j  java.util.Date.toString()Ljava/lang/String;+150 java.base@21.0.2
j  java.lang.String.valueOf(Ljava/lang/Object;)Ljava/lang/String;+11 java.base@21.0.2
j  java.lang.StringBuilder.append(Ljava/lang/Object;)Ljava/lang/StringBuilder;+2 java.base@21.0.2
j  java.util.Properties.writeDateComment(Ljava/io/BufferedWriter;)V+43 java.base@21.0.2
j  java.util.Properties.store0(Ljava/io/BufferedWriter;Ljava/lang/String;Z)V+10 java.base@21.0.2
j  java.util.Properties.store(Ljava/io/OutputStream;Ljava/lang/String;)V+21 java.base@21.0.2
j  jdk.internal.vm.VMSupport.serializePropertiesToByteArray(Ljava/util/Properties;)[B+14 java.base@21.0.2
j  jdk.internal.vm.VMSupport.serializeAgentPropertiesToByteArray()[B+6 java.base@21.0.2
v  ~StubRoutines::call_stub 0x000071853bf37cc6
V  [libjvm.so+0x8e28d5]  JavaCalls::call_helper(JavaValue*, methodHandle const&, JavaCallArguments*, JavaThread*)+0x2e5
V  [libjvm.so+0x8e2ca3]  JavaCalls::call_static(JavaValue*, Klass*, Symbol*, Symbol*, JavaCallArguments*, JavaThread*)+0x113
V  [libjvm.so+0x4899be]  get_properties(AttachOperation*, outputStream*, Symbol*) [clone .constprop.0]+0x11e
V  [libjvm.so+0x48a0a9]  attach_listener_thread_entry(JavaThread*, JavaThread*)+0x1c9
V  [libjvm.so+0x8f8a78]  JavaThread::thread_main_inner() [clone .part.0]+0xb8
V  [libjvm.so+0xe9e998]  Thread::call_run()+0xa8
V  [libjvm.so+0xcc444a]  thread_native_entry(Thread*)+0xda
Java frames: (J=compiled Java code, j=interpreted, Vv=VM code)
j  java.time.LocalDate.of(III)Ljava/time/LocalDate;+0 java.base@21.0.2
j  java.time.LocalDate.<clinit>()V+5 java.base@21.0.2
v  ~StubRoutines::call_stub 0x000071853bf37cc6
j  java.time.LocalDateTime.<clinit>()V+0 java.base@21.0.2
v  ~StubRoutines::call_stub 0x000071853bf37cc6
j  java.time.zone.ZoneOffsetTransition.<init>(JLjava/time/ZoneOffset;Ljava/time/ZoneOffset;)V+13 java.base@21.0.2
j  java.time.zone.ZoneRules.<init>([J[Ljava/time/ZoneOffset;[J[Ljava/time/ZoneOffset;[Ljava/time/zone/ZoneOffsetTransitionRule;)V+114 java.base@21.0.2
j  java.time.zone.ZoneRules.readExternal(Ljava/io/DataInput;)Ljava/time/zone/ZoneRules;+272 java.base@21.0.2
j  java.time.zone.Ser.readInternal(BLjava/io/DataInput;)Ljava/io/Serializable;+29 java.base@21.0.2
j  java.time.zone.Ser.read(Ljava/io/DataInput;)Ljava/io/Serializable;+9 java.base@21.0.2
j  java.time.zone.TzdbZoneRulesProvider.provideRules(Ljava/lang/String;Z)Ljava/time/zone/ZoneRules;+75 java.base@21.0.2
j  java.time.zone.ZoneRulesProvider.getRules(Ljava/lang/String;Z)Ljava/time/zone/ZoneRules;+13 java.base@21.0.2
j  java.time.ZoneRegion.ofId(Ljava/lang/String;Z)Ljava/time/ZoneRegion;+15 java.base@21.0.2
j  java.time.ZoneId.of(Ljava/lang/String;Z)Ljava/time/ZoneId;+81 java.base@21.0.2
j  java.time.ZoneId.of(Ljava/lang/String;)Ljava/time/ZoneId;+2 java.base@21.0.2
j  java.time.ZoneId.of(Ljava/lang/String;Ljava/util/Map;)Ljava/time/ZoneId;+33 java.base@21.0.2
j  java.util.TimeZone.toZoneId0()Ljava/time/ZoneId;+97 java.base@21.0.2
j  java.util.TimeZone.toZoneId()Ljava/time/ZoneId;+11 java.base@21.0.2
j  java.util.TimeZone.toZoneId0()Ljava/time/ZoneId;+30 java.base@21.0.2
j  java.util.TimeZone.toZoneId()Ljava/time/ZoneId;+11 java.base@21.0.2
j  sun.util.cldr.CLDRTimeZoneNameProviderImpl.getDisplayNameArray(Ljava/lang/String;Ljava/util/Locale;)[Ljava/lang/String;+153 java.base@21.0.2
j  sun.util.locale.provider.TimeZoneNameProviderImpl.getDisplayName(Ljava/lang/String;ZILjava/util/Locale;)Ljava/lang/String;+4 java.base@21.0.2
j  sun.util.locale.provider.TimeZoneNameUtility$TimeZoneNameGetter.getName(Ljava/util/spi/TimeZoneNameProvider;Ljava/util/Locale;Ljava/lang/String;ILjava/lang/String;)Ljava/lang/String;+126 java.base@21.0.2
j  sun.util.locale.provider.TimeZoneNameUtility$TimeZoneNameGetter.getObject(Ljava/util/spi/TimeZoneNameProvider;Ljava/util/Locale;Ljava/lang/String;[Ljava/lang/Object;)Ljava/lang/String;+49 java.base@21.0.2
j  sun.util.locale.provider.TimeZoneNameUtility$TimeZoneNameGetter.getObject(Ljava/util/spi/LocaleServiceProvider;Ljava/util/Locale;Ljava/lang/String;[Ljava/lang/Object;)Ljava/lang/Object;+9 java.base@21.0.2
j  sun.util.locale.provider.LocaleServiceProviderPool.getLocalizedObjectImpl(Lsun/util/locale/provider/LocaleServiceProviderPool$LocalizedObjectGetter;Ljava/util/Locale;ZLjava/lang/String;[Ljava/lang/Object;)Ljava/lang/Object;+93 java.base@21.0.2
j  sun.util.locale.provider.LocaleServiceProviderPool.getLocalizedObject(Lsun/util/locale/provider/LocaleServiceProviderPool$LocalizedObjectGetter;Ljava/util/Locale;Ljava/lang/String;[Ljava/lang/Object;)Ljava/lang/Object;+7 java.base@21.0.2
j  sun.util.locale.provider.TimeZoneNameUtility.retrieveDisplayNamesImpl(Ljava/lang/String;Ljava/util/Locale;)[Ljava/lang/String;+140 java.base@21.0.2
j  sun.util.locale.provider.TimeZoneNameUtility.retrieveDisplayName(Ljava/lang/String;ZILjava/util/Locale;)Ljava/lang/String;+2 java.base@21.0.2
j  java.util.TimeZone.getDisplayName(ZILjava/util/Locale;)Ljava/lang/String;+47 java.base@21.0.2
j  java.util.Date.toString()Ljava/lang/String;+150 java.base@21.0.2
j  java.lang.String.valueOf(Ljava/lang/Object;)Ljava/lang/String;+11 java.base@21.0.2
j  java.lang.StringBuilder.append(Ljava/lang/Object;)Ljava/lang/StringBuilder;+2 java.base@21.0.2
j  java.util.Properties.writeDateComment(Ljava/io/BufferedWriter;)V+43 java.base@21.0.2
j  java.util.Properties.store0(Ljava/io/BufferedWriter;Ljava/lang/String;Z)V+10 java.base@21.0.2
j  java.util.Properties.store(Ljava/io/OutputStream;Ljava/lang/String;)V+21 java.base@21.0.2
j  jdk.internal.vm.VMSupport.serializePropertiesToByteArray(Ljava/util/Properties;)[B+14 java.base@21.0.2
j  jdk.internal.vm.VMSupport.serializeAgentPropertiesToByteArray()[B+6 java.base@21.0.2
v  ~StubRoutines::call_stub 0x000071853bf37cc6

siginfo: si_signo: 11 (SIGSEGV), si_code: 128 (SI_KERNEL), si_addr: 0x0000000000000000

Registers:
RAX=0x000000000000000e, RBX=0x0000000000000060, RCX=0x000000000000000f, RDX=0x00007184c4000ff0
RSP=0x00007184d8df8e88, RBP=0x00007184d8df8ee0, RSI=0x00007184d8df8ea0, RDI=0x14007184db2acaa8
R8 =0x14007184db2acaa8, R9 =0x0000000000000000, R10=0x0000000000000000, R11=0x0000000000000000
R12=0x00007184c4000ff0, R13=0x00007184d8df8ea0, R14=0x0000000000000008, R15=0x00007184db2ac4e8
RIP=0x000071855184ce00, EFLAGS=0x0000000000010287, CSGSFS=0x002b000000000033, ERR=0x0000000000000000
  TRAPNO=0x000000000000000d


Register to memory mapping:

RAX=0x000000000000000e is an unknown value
RBX=0x0000000000000060 is an unknown value
RCX=0x000000000000000f is an unknown value
RDX=0x00007184c4000ff0 is a thread
RSP=0x00007184d8df8e88 is pointing into the stack for thread: 0x00007184c4000ff0
RBP=0x00007184d8df8ee0 is pointing into the stack for thread: 0x00007184c4000ff0
RSI=0x00007184d8df8ea0 is pointing into the stack for thread: 0x00007184c4000ff0
RDI=0x14007184db2acaa8 is an unknown value
R8 =0x14007184db2acaa8 is an unknown value
R9 =0x0 is null
R10=0x0 is null
R11=0x0 is null
R12=0x00007184c4000ff0 is a thread
R13=0x00007184d8df8ea0 is pointing into the stack for thread: 0x00007184c4000ff0
R14=0x0000000000000008 is an unknown value
R15=0x00007184db2ac4e8 is a pointer to class: 
java.time.temporal.TemporalField {0x00007184db2ac4e8}
 - instance size:     2
 - klass size:        63
 - access:            public interface abstract 
 - flags:             rewritten has_nonstatic_concrete_methods declares_nonstatic_concrete_methods is_shared_boot_class has_localvariable_table 
 - state:             being_linked
 - name:              'java/time/temporal/TemporalField'
 - super:             'java/lang/Object'
 - sub:               
 - nof implementors:  1
 - implementor:    
   'java/time/temporal/ChronoField'
 - arrays:            null
 - methods:           Array<T>(0x00007184db9dff08)
 - method ordering:   Array<T>(0x00007184db9e0250)
 - default_methods:   Array<T>(0x0000000000000000)
 - local interfaces:  Array<T>(0x00007184db621360)
 - trans. interfaces: Array<T>(0x00007184db621360)
 - constants:         constant pool [56] {0x00007184db9dfd00} for 'java/time/temporal/TemporalField' cache=0x00007184db3c2358
 - class loader data:  loader data: 0x000071854c1190d0 of 'bootstrap'
 - source file:       '
[error occurred during error reporting (printing register info), id 0xb, SIGSEGV (0xb) at pc=0x0000718551a4606f]

Top of Stack: (sp=0x00007184d8df8e88)
0x00007184d8df8e88:   00007185514b6a87 00007184db2ac4e8
0x00007184d8df8e98:   000071855187cc06 14007184db2acaa8
0x00007184d8df8ea8:   00007184c4000ff0 00007184d8df8ee0
0x00007184d8df8eb8:   00007184db9e20d8 00007184c4000ff0
0x00007184d8df8ec8:   00007184d8df8f40 00007184d8df90d0
0x00007184d8df8ed8:   00007184db2ac4e8 00007184d8df8fc0
0x00007184d8df8ee8:   00007185514b6cb7 00007184d8df8f20
0x00007184d8df8ef8:   0000718552040160 00007184d8df8f80
0x00007184d8df8f08:   598fa4d1a17a3200 00007184c4000ff0
0x00007184d8df8f18:   ffffffffffffff80 0000000000000002
0x00007184d8df8f28:   000071854c272268 00007184db5810f8
0x00007184d8df8f38:   00007184d8df9180 0000000000000000
0x00007184d8df8f48:   00000000578226e6 000071854c119001
0x00007184d8df8f58:   000071854c033550 000071854c0335a0
0x00007184d8df8f68:   000071854c0336a0 00007184c4001c14
0x00007184d8df8f78:   00007184c4001c28 0000000300000001
0x00007184d8df8f88:   0000000000000001 00007184d8df90c0
0x00007184d8df8f98:   00007184db9e20d8 00007184c4000ff0
0x00007184d8df8fa8:   00007184db9e20e0 00007184d8df90d0
0x00007184d8df8fb8:   00007184db2ac228 00007184d8df90a0
0x00007184d8df8fc8:   00007185514b6bec 00007184b01f4aa0
0x00007184d8df8fd8:   00007184b01f4ab0 0000000000000000
0x00007184d8df8fe8:   00007184c4000ff0 0000000000001fc5
0x00007184d8df8ff8:   000000005781f379 0000000000000000
0x00007184d8df9008:   000071854c033740 00007184d8df9040
0x00007184d8df9018:   00007184db9e213c 00007184d8df90f0
0x00007184d8df9028:   00007185514b80de 00007184db9e2138
0x00007184d8df9038:   00007184db9e213c 000000c600000000
0x00007184d8df9048:   000071850000001b 00007184db9e0310
0x00007184d8df9058:   00007184c4000ff0 000000240000001a
0x00007184d8df9068:   000600540000001a 00004019000000d8
0x00007184d8df9078:   00007184db579be8 00007184c4000ff0 

Instructions: (pc=0x000071855184ce00)
0x000071855184cd00:   89 c2 89 c7 80 e6 fe f0 0f b1 11 39 c7 75 f1 8b
0x000071855184cd10:   46 30 66 0f 1f 44 00 00 89 c2 89 c7 80 e6 fd f0
0x000071855184cd20:   0f b1 11 39 c7 75 f1 8b 46 30 66 0f 1f 44 00 00
0x000071855184cd30:   89 c2 89 c7 80 e6 fb f0 0f b1 11 39 c7 75 f1 8b
0x000071855184cd40:   46 30 66 0f 1f 44 00 00 89 c2 89 c6 80 e6 7f f0
0x000071855184cd50:   0f b1 11 39 c6 75 f1 c3 0f 1f 84 00 00 00 00 00
0x000071855184cd60:   8b 47 30 48 89 fe 48 8d 4f 30 66 0f 1f 44 00 00
0x000071855184cd70:   89 c2 89 c7 83 e2 df f0 0f b1 11 39 c7 75 f1 8b
0x000071855184cd80:   46 30 66 0f 1f 44 00 00 89 c2 89 c7 80 e2 7f f0
0x000071855184cd90:   0f b1 11 39 c7 75 f1 8b 46 30 66 0f 1f 44 00 00
0x000071855184cda0:   89 c2 89 c7 80 e6 fe f0 0f b1 11 39 c7 75 f1 8b
0x000071855184cdb0:   46 30 66 0f 1f 44 00 00 89 c2 89 c7 80 e6 fd f0
0x000071855184cdc0:   0f b1 11 39 c7 75 f1 8b 46 30 66 0f 1f 44 00 00
0x000071855184cdd0:   89 c2 89 c7 80 e6 fb f0 0f b1 11 39 c7 75 f1 8b
0x000071855184cde0:   46 30 66 0f 1f 44 00 00 89 c2 89 c6 80 e6 7f f0
0x000071855184cdf0:   0f b1 11 39 c6 75 f1 c3 0f 1f 84 00 00 00 00 00
0x000071855184ce00:   48 83 7f 20 00 74 09 c3 0f 1f 84 00 00 00 00 00
0x000071855184ce10:   55 48 89 e5 41 56 41 55 49 89 d5 41 54 49 89 f4
0x000071855184ce20:   53 48 89 fb 48 89 f7 e8 04 cb 67 ff 48 8d 15 0d
0x000071855184ce30:   13 7c 00 48 98 48 8b 04 c2 48 39 43 38 74 04 48
0x000071855184ce40:   89 43 38 48 8b 53 50 48 39 c2 74 04 48 89 43 50
0x000071855184ce50:   f6 43 29 01 75 6a 4c 89 e7 e8 02 5e 13 00 49 89
0x000071855184ce60:   c6 48 85 c0 0f 84 c6 00 00 00 49 8b 04 24 4c 89
0x000071855184ce70:   70 20 49 8b 04 24 49 8b 56 10 48 89 50 40 49 83
0x000071855184ce80:   7d 08 00 74 0b 5b 41 5c 41 5d 41 5e 5d c3 66 90
0x000071855184ce90:   49 8b 04 24 0f b7 40 34 2d c3 00 00 00 83 f8 01
0x000071855184cea0:   77 e3 48 c7 43 50 00 00 00 00 48 c7 43 38 00 00
0x000071855184ceb0:   00 00 48 c7 43 40 00 00 00 00 eb c9 0f 1f 40 00
0x000071855184cec0:   0f b7 53 34 89 d0 81 ea 87 01 00 00 83 fa 06 76
0x000071855184ced0:   7f 66 2d c3 00 66 83 f8 01 76 1d 4c 8b 73 58 4d
0x000071855184cee0:   85 f6 74 14 e8 27 e8 12 00 49 39 c6 0f 85 64 ff
0x000071855184cef0:   ff ff 66 0f 1f 44 00 00 e8 13 e8 12 00 48 3b 43 


Stack slot to memory mapping:

stack at sp + 0 slots: 0x00007185514b6a87: <offset 0x00000000008b6a87> in /usr/lib/jvm/jdk-21-oracle-x64/lib/server/libjvm.so at 0x0000718550c00000
stack at sp + 1 slots: 0x00007184db2ac4e8 is a pointer to class: 
java.time.temporal.TemporalField {0x00007184db2ac4e8}
 - instance size:     2
 - klass size:        63
 - access:            public interface abstract 
 - flags:             rewritten has_nonstatic_concrete_methods declares_nonstatic_concrete_methods is_shared_boot_class has_localvariable_table 
 - state:             being_linked
 - name:              'java/time/temporal/TemporalField'
 - super:             'java/lang/Object'
 - sub:               
 - nof implementors:  1
 - implementor:    
   'java/time/temporal/ChronoField'
 - arrays:            null
 - methods:           Array<T>(0x00007184db9dff08)
 - method ordering:   Array<T>(0x00007184db9e0250)
 - default_methods:   Array<T>(0x0000000000000000)
 - local interfaces:  Array<T>(0x00007184db621360)
 - trans. interfaces: Array<T>(0x00007184db621360)
 - constants:         constant pool [56] {0x00007184db9dfd00} for 'java/time/temporal/TemporalField' cache=0x00007184db3c2358
 - class loader data:  loader data: 0x000071854c1190d0 of 'bootstrap'
 - source file:       '
[error occurred during error reporting (inspecting top of stack), id 0xb, SIGSEGV (0xb) at pc=0x0000718551a4606f]
stack at sp + 2 slots: 0x000071855187cc06: <offset 0x0000000000c7cc06> in /usr/lib/jvm/jdk-21-oracle-x64/lib/server/libjvm.so at 0x0000718550c00000
stack at sp + 3 slots: 0x14007184db2acaa8 is an unknown value
stack at sp + 4 slots: 0x00007184c4000ff0 is a thread
stack at sp + 5 slots: 0x00007184d8df8ee0 is pointing into the stack for thread: 0x00007184c4000ff0
stack at sp + 6 slots: 0x00007184db9e20d8 is pointing into metadata
stack at sp + 7 slots: 0x00007184c4000ff0 is a thread


---------------  P R O C E S S  ---------------

Threads class SMR info:
_java_thread_list=0x00007184c4002110, length=13, elements={
0x000071854c02a720, 0x000071854c147210, 0x000071854c148860, 0x000071854c14a340,
0x000071854c14b980, 0x000071854c14cf20, 0x000071854c14ea60, 0x000071854c150120,
0x000071854c16a1b0, 0x000071854c260ee0, 0x000071854c2631b0, 0x00007184b42d5610,
0x00007184c4000ff0
}

Java Threads: ( => current thread )
  0x000071854c02a720 JavaThread "main"                              [_thread_in_vm, id=16455, stack(0x0000718550b00000,0x0000718550c00000) (1024K)]
  0x000071854c147210 JavaThread "Reference Handler"          daemon [_thread_blocked, id=16463, stack(0x00007184dac7d000,0x00007184dad7d000) (1024K)]
  0x000071854c148860 JavaThread "Finalizer"                  daemon [_thread_blocked, id=16464, stack(0x00007184d9d00000,0x00007184d9e00000) (1024K)]
  0x000071854c14a340 JavaThread "Signal Dispatcher"          daemon [_thread_blocked, id=16465, stack(0x00007184d9c00000,0x00007184d9d00000) (1024K)]
  0x000071854c14b980 JavaThread "Service Thread"             daemon [_thread_blocked, id=16466, stack(0x00007184d9b00000,0x00007184d9c00000) (1024K)]
  0x000071854c14cf20 JavaThread "Monitor Deflation Thread"   daemon [_thread_blocked, id=16467, stack(0x00007184d9a00000,0x00007184d9b00000) (1024K)]
  0x000071854c14ea60 JavaThread "C2 CompilerThread0"         daemon [_thread_blocked, id=16468, stack(0x00007184d9900000,0x00007184d9a00000) (1024K)]
  0x000071854c150120 JavaThread "C1 CompilerThread0"         daemon [_thread_in_native, id=16469, stack(0x00007184d9800000,0x00007184d9900000) (1024K)]
  0x000071854c16a1b0 JavaThread "Common-Cleaner"             daemon [_thread_blocked, id=16470, stack(0x00007184d9630000,0x00007184d9730000) (1024K)]
  0x000071854c260ee0 JavaThread "Monitor Ctrl-Break"         daemon [_thread_in_native, id=16471, stack(0x00007184d9530000,0x00007184d9630000) (1024K)]
  0x000071854c2631b0 JavaThread "Notification Thread"        daemon [_thread_blocked, id=16472, stack(0x00007184d9430000,0x00007184d9530000) (1024K)]
  0x00007184b42d5610 JavaThread "C2 CompilerThread1"         daemon [_thread_blocked, id=16476, stack(0x00007184d8efe000,0x00007184d8ffe000) (1024K)]
=>0x00007184c4000ff0 JavaThread "Attach Listener"            daemon [_thread_in_vm, id=16479, stack(0x00007184d8cfd000,0x00007184d8dfd000) (1024K)]
Total: 13

Other Threads:
  0x000071854c1398b0 VMThread "VM Thread"                           [id=16462, stack(0x00007184dad7e000,0x00007184dae7e000) (1024K)]
  0x000071854c11f8f0 WatcherThread "VM Periodic Task Thread"        [id=16461, stack(0x00007184dae7f000,0x00007184daf7f000) (1024K)]
  0x000071854c081080 WorkerThread "GC Thread#0"                     [id=16456, stack(0x0000718550051000,0x0000718550151000) (1024K)]
  0x00007184c8006f30 WorkerThread "GC Thread#1"                     [id=16474, stack(0x00007184d9100000,0x00007184d9200000) (1024K)]
  0x00007184c8007a40 WorkerThread "GC Thread#2"                     [id=16475, stack(0x00007184d8fff000,0x00007184d90ff000) (1024K)]
  0x00007184c800f690 WorkerThread "GC Thread#3"                     [id=16478, stack(0x00007184d8dfe000,0x00007184d8efe000) (1024K)]
  0x000071854c091bb0 ConcurrentGCThread "G1 Main Marker"            [id=16457, stack(0x000071854bf00000,0x000071854c000000) (1024K)]
  0x000071854c092b50 WorkerThread "G1 Conc#0"                       [id=16458, stack(0x0000718532683000,0x0000718532783000) (1024K)]
  0x000071854c10c650 ConcurrentGCThread "G1 Refine#0"               [id=16459, stack(0x000071853017e000,0x000071853027e000) (1024K)]
  0x000071854c10d600 ConcurrentGCThread "G1 Service"                [id=16460, stack(0x000071853007d000,0x000071853017d000) (1024K)]
Total: 10

Threads with active compile tasks:
C1 CompilerThread0     1492 2164       3       java.lang.invoke.MethodHandleImpl::makePairwiseConvertByEditor (617 bytes)
Total: 1

VM state: not at safepoint (normal execution)

VM Mutex/Monitor currently owned by a thread:  ([mutex/lock_event])
[0x0000718552041ce0] MethodCompileQueue_lock - owner thread: 0x000071854c02a720

Heap address: 0x0000000085600000, size: 1962 MB, Compressed Oops mode: 32-bit

CDS archive(s) mapped at: [0x00007184db000000-0x00007184dbca8000-0x00007184dbca8000), size 13271040, SharedBaseAddress: 0x00007184db000000, ArchiveRelocationMode: 1.
Compressed class space mapped at: 0x00007184dc000000-0x000071851c000000, reserved size: 1073741824
Narrow klass base: 0x00007184db000000, Narrow klass shift: 0, Narrow klass range: 0x100000000

GC Precious Log:
 CardTable entry size: 512
 Card Set container configuration: InlinePtr #cards 5 size 8 Array Of Cards #cards 12 size 40 Howl #buckets 4 coarsen threshold 1843 Howl Bitmap #cards 512 size 80 coarsen threshold 460 Card regions per heap region 1 cards per card region 2048
 CPUs: 4 total, 4 available
 Memory: 7843M
 Large Page Support: Disabled
 NUMA Support: Disabled
 Compressed Oops: Enabled (32-bit)
 Heap Region Size: 1M
 Heap Min Capacity: 8M
 Heap Initial Capacity: 124M
 Heap Max Capacity: 1962M
 Pre-touch: Disabled
 Parallel Workers: 4
 Concurrent Workers: 1
 Concurrent Refinement Workers: 4
 Periodic GC: Disabled

Heap:
 garbage-first heap   total 129024K, used 34606K [0x0000000085600000, 0x0000000100000000)
  region size 1024K, 32 young (32768K), 1 survivors (1024K)
 Metaspace       used 12430K, committed 12672K, reserved 1114112K
  class space    used 1463K, committed 1600K, reserved 1048576K

Heap Regions: E=young(eden), S=young(survivor), O=old, HS=humongous(starts), HC=humongous(continues), CS=collection set, F=free, TAMS=top-at-mark-start, PB=parsable bottom
|   0|0x0000000085600000, 0x0000000085700000, 0x0000000085700000|100%| O|  |TAMS 0x0000000085600000| PB 0x0000000085600000| Untracked 
|   1|0x0000000085700000, 0x0000000085800000, 0x0000000085800000|100%| O|  |TAMS 0x0000000085700000| PB 0x0000000085700000| Untracked 
|   2|0x0000000085800000, 0x00000000858f8d40, 0x0000000085900000| 97%| O|  |TAMS 0x0000000085800000| PB 0x0000000085800000| Untracked 
|   3|0x0000000085900000, 0x0000000085900000, 0x0000000085a00000|  0%| F|  |TAMS 0x0000000085900000| PB 0x0000000085900000| Untracked 
|   4|0x0000000085a00000, 0x0000000085a00000, 0x0000000085b00000|  0%| F|  |TAMS 0x0000000085a00000| PB 0x0000000085a00000| Untracked 
|   5|0x0000000085b00000, 0x0000000085b00000, 0x0000000085c00000|  0%| F|  |TAMS 0x0000000085b00000| PB 0x0000000085b00000| Untracked 
|   6|0x0000000085c00000, 0x0000000085c00000, 0x0000000085d00000|  0%| F|  |TAMS 0x0000000085c00000| PB 0x0000000085c00000| Untracked 
|   7|0x0000000085d00000, 0x0000000085d00000, 0x0000000085e00000|  0%| F|  |TAMS 0x0000000085d00000| PB 0x0000000085d00000| Untracked 
|   8|0x0000000085e00000, 0x0000000085e00000, 0x0000000085f00000|  0%| F|  |TAMS 0x0000000085e00000| PB 0x0000000085e00000| Untracked 
|   9|0x0000000085f00000, 0x0000000085f00000, 0x0000000086000000|  0%| F|  |TAMS 0x0000000085f00000| PB 0x0000000085f00000| Untracked 
|  10|0x0000000086000000, 0x0000000086000000, 0x0000000086100000|  0%| F|  |TAMS 0x0000000086000000| PB 0x0000000086000000| Untracked 
|  11|0x0000000086100000, 0x0000000086100000, 0x0000000086200000|  0%| F|  |TAMS 0x0000000086100000| PB 0x0000000086100000| Untracked 
|  12|0x0000000086200000, 0x0000000086200000, 0x0000000086300000|  0%| F|  |TAMS 0x0000000086200000| PB 0x0000000086200000| Untracked 
|  13|0x0000000086300000, 0x0000000086300000, 0x0000000086400000|  0%| F|  |TAMS 0x0000000086300000| PB 0x0000000086300000| Untracked 
|  14|0x0000000086400000, 0x0000000086400000, 0x0000000086500000|  0%| F|  |TAMS 0x0000000086400000| PB 0x0000000086400000| Untracked 
|  15|0x0000000086500000, 0x0000000086500000, 0x0000000086600000|  0%| F|  |TAMS 0x0000000086500000| PB 0x0000000086500000| Untracked 
|  16|0x0000000086600000, 0x0000000086600000, 0x0000000086700000|  0%| F|  |TAMS 0x0000000086600000| PB 0x0000000086600000| Untracked 
|  17|0x0000000086700000, 0x0000000086700000, 0x0000000086800000|  0%| F|  |TAMS 0x0000000086700000| PB 0x0000000086700000| Untracked 
|  18|0x0000000086800000, 0x0000000086800000, 0x0000000086900000|  0%| F|  |TAMS 0x0000000086800000| PB 0x0000000086800000| Untracked 
|  19|0x0000000086900000, 0x0000000086900000, 0x0000000086a00000|  0%| F|  |TAMS 0x0000000086900000| PB 0x0000000086900000| Untracked 
|  20|0x0000000086a00000, 0x0000000086a00000, 0x0000000086b00000|  0%| F|  |TAMS 0x0000000086a00000| PB 0x0000000086a00000| Untracked 
|  21|0x0000000086b00000, 0x0000000086b00000, 0x0000000086c00000|  0%| F|  |TAMS 0x0000000086b00000| PB 0x0000000086b00000| Untracked 
|  22|0x0000000086c00000, 0x0000000086c00000, 0x0000000086d00000|  0%| F|  |TAMS 0x0000000086c00000| PB 0x0000000086c00000| Untracked 
|  23|0x0000000086d00000, 0x0000000086d00000, 0x0000000086e00000|  0%| F|  |TAMS 0x0000000086d00000| PB 0x0000000086d00000| Untracked 
|  24|0x0000000086e00000, 0x0000000086e00000, 0x0000000086f00000|  0%| F|  |TAMS 0x0000000086e00000| PB 0x0000000086e00000| Untracked 
|  25|0x0000000086f00000, 0x0000000086f00000, 0x0000000087000000|  0%| F|  |TAMS 0x0000000086f00000| PB 0x0000000086f00000| Untracked 
|  26|0x0000000087000000, 0x0000000087000000, 0x0000000087100000|  0%| F|  |TAMS 0x0000000087000000| PB 0x0000000087000000| Untracked 
|  27|0x0000000087100000, 0x0000000087100000, 0x0000000087200000|  0%| F|  |TAMS 0x0000000087100000| PB 0x0000000087100000| Untracked 
|  28|0x0000000087200000, 0x0000000087200000, 0x0000000087300000|  0%| F|  |TAMS 0x0000000087200000| PB 0x0000000087200000| Untracked 
|  29|0x0000000087300000, 0x0000000087300000, 0x0000000087400000|  0%| F|  |TAMS 0x0000000087300000| PB 0x0000000087300000| Untracked 
|  30|0x0000000087400000, 0x0000000087400000, 0x0000000087500000|  0%| F|  |TAMS 0x0000000087400000| PB 0x0000000087400000| Untracked 
|  31|0x0000000087500000, 0x0000000087500000, 0x0000000087600000|  0%| F|  |TAMS 0x0000000087500000| PB 0x0000000087500000| Untracked 
|  32|0x0000000087600000, 0x0000000087600000, 0x0000000087700000|  0%| F|  |TAMS 0x0000000087600000| PB 0x0000000087600000| Untracked 
|  33|0x0000000087700000, 0x0000000087700000, 0x0000000087800000|  0%| F|  |TAMS 0x0000000087700000| PB 0x0000000087700000| Untracked 
|  34|0x0000000087800000, 0x0000000087800000, 0x0000000087900000|  0%| F|  |TAMS 0x0000000087800000| PB 0x0000000087800000| Untracked 
|  35|0x0000000087900000, 0x0000000087900000, 0x0000000087a00000|  0%| F|  |TAMS 0x0000000087900000| PB 0x0000000087900000| Untracked 
|  36|0x0000000087a00000, 0x0000000087a00000, 0x0000000087b00000|  0%| F|  |TAMS 0x0000000087a00000| PB 0x0000000087a00000| Untracked 
|  37|0x0000000087b00000, 0x0000000087b00000, 0x0000000087c00000|  0%| F|  |TAMS 0x0000000087b00000| PB 0x0000000087b00000| Untracked 
|  38|0x0000000087c00000, 0x0000000087c00000, 0x0000000087d00000|  0%| F|  |TAMS 0x0000000087c00000| PB 0x0000000087c00000| Untracked 
|  39|0x0000000087d00000, 0x0000000087d00000, 0x0000000087e00000|  0%| F|  |TAMS 0x0000000087d00000| PB 0x0000000087d00000| Untracked 
|  40|0x0000000087e00000, 0x0000000087e00000, 0x0000000087f00000|  0%| F|  |TAMS 0x0000000087e00000| PB 0x0000000087e00000| Untracked 
|  41|0x0000000087f00000, 0x0000000087f00000, 0x0000000088000000|  0%| F|  |TAMS 0x0000000087f00000| PB 0x0000000087f00000| Untracked 
|  42|0x0000000088000000, 0x0000000088000000, 0x0000000088100000|  0%| F|  |TAMS 0x0000000088000000| PB 0x0000000088000000| Untracked 
|  43|0x0000000088100000, 0x0000000088100000, 0x0000000088200000|  0%| F|  |TAMS 0x0000000088100000| PB 0x0000000088100000| Untracked 
|  44|0x0000000088200000, 0x0000000088200000, 0x0000000088300000|  0%| F|  |TAMS 0x0000000088200000| PB 0x0000000088200000| Untracked 
|  45|0x0000000088300000, 0x0000000088300000, 0x0000000088400000|  0%| F|  |TAMS 0x0000000088300000| PB 0x0000000088300000| Untracked 
|  46|0x0000000088400000, 0x0000000088400000, 0x0000000088500000|  0%| F|  |TAMS 0x0000000088400000| PB 0x0000000088400000| Untracked 
|  47|0x0000000088500000, 0x0000000088500000, 0x0000000088600000|  0%| F|  |TAMS 0x0000000088500000| PB 0x0000000088500000| Untracked 
|  48|0x0000000088600000, 0x0000000088600000, 0x0000000088700000|  0%| F|  |TAMS 0x0000000088600000| PB 0x0000000088600000| Untracked 
|  49|0x0000000088700000, 0x0000000088700000, 0x0000000088800000|  0%| F|  |TAMS 0x0000000088700000| PB 0x0000000088700000| Untracked 
|  50|0x0000000088800000, 0x0000000088800000, 0x0000000088900000|  0%| F|  |TAMS 0x0000000088800000| PB 0x0000000088800000| Untracked 
|  51|0x0000000088900000, 0x0000000088900000, 0x0000000088a00000|  0%| F|  |TAMS 0x0000000088900000| PB 0x0000000088900000| Untracked 
|  52|0x0000000088a00000, 0x0000000088a00000, 0x0000000088b00000|  0%| F|  |TAMS 0x0000000088a00000| PB 0x0000000088a00000| Untracked 
|  53|0x0000000088b00000, 0x0000000088b00000, 0x0000000088c00000|  0%| F|  |TAMS 0x0000000088b00000| PB 0x0000000088b00000| Untracked 
|  54|0x0000000088c00000, 0x0000000088c00000, 0x0000000088d00000|  0%| F|  |TAMS 0x0000000088c00000| PB 0x0000000088c00000| Untracked 
|  55|0x0000000088d00000, 0x0000000088d00000, 0x0000000088e00000|  0%| F|  |TAMS 0x0000000088d00000| PB 0x0000000088d00000| Untracked 
|  56|0x0000000088e00000, 0x0000000088e00000, 0x0000000088f00000|  0%| F|  |TAMS 0x0000000088e00000| PB 0x0000000088e00000| Untracked 
|  57|0x0000000088f00000, 0x0000000088f00000, 0x0000000089000000|  0%| F|  |TAMS 0x0000000088f00000| PB 0x0000000088f00000| Untracked 
|  58|0x0000000089000000, 0x0000000089000000, 0x0000000089100000|  0%| F|  |TAMS 0x0000000089000000| PB 0x0000000089000000| Untracked 
|  59|0x0000000089100000, 0x0000000089100000, 0x0000000089200000|  0%| F|  |TAMS 0x0000000089100000| PB 0x0000000089100000| Untracked 
|  60|0x0000000089200000, 0x0000000089200000, 0x0000000089300000|  0%| F|  |TAMS 0x0000000089200000| PB 0x0000000089200000| Untracked 
|  61|0x0000000089300000, 0x0000000089300000, 0x0000000089400000|  0%| F|  |TAMS 0x0000000089300000| PB 0x0000000089300000| Untracked 
|  62|0x0000000089400000, 0x0000000089400000, 0x0000000089500000|  0%| F|  |TAMS 0x0000000089400000| PB 0x0000000089400000| Untracked 
|  63|0x0000000089500000, 0x0000000089500000, 0x0000000089600000|  0%| F|  |TAMS 0x0000000089500000| PB 0x0000000089500000| Untracked 
|  64|0x0000000089600000, 0x0000000089600000, 0x0000000089700000|  0%| F|  |TAMS 0x0000000089600000| PB 0x0000000089600000| Untracked 
|  65|0x0000000089700000, 0x0000000089700000, 0x0000000089800000|  0%| F|  |TAMS 0x0000000089700000| PB 0x0000000089700000| Untracked 
|  66|0x0000000089800000, 0x0000000089800000, 0x0000000089900000|  0%| F|  |TAMS 0x0000000089800000| PB 0x0000000089800000| Untracked 
|  67|0x0000000089900000, 0x0000000089900000, 0x0000000089a00000|  0%| F|  |TAMS 0x0000000089900000| PB 0x0000000089900000| Untracked 
|  68|0x0000000089a00000, 0x0000000089a00000, 0x0000000089b00000|  0%| F|  |TAMS 0x0000000089a00000| PB 0x0000000089a00000| Untracked 
|  69|0x0000000089b00000, 0x0000000089b00000, 0x0000000089c00000|  0%| F|  |TAMS 0x0000000089b00000| PB 0x0000000089b00000| Untracked 
|  70|0x0000000089c00000, 0x0000000089c00000, 0x0000000089d00000|  0%| F|  |TAMS 0x0000000089c00000| PB 0x0000000089c00000| Untracked 
|  71|0x0000000089d00000, 0x0000000089d00000, 0x0000000089e00000|  0%| F|  |TAMS 0x0000000089d00000| PB 0x0000000089d00000| Untracked 
|  72|0x0000000089e00000, 0x0000000089e00000, 0x0000000089f00000|  0%| F|  |TAMS 0x0000000089e00000| PB 0x0000000089e00000| Untracked 
|  73|0x0000000089f00000, 0x0000000089f00000, 0x000000008a000000|  0%| F|  |TAMS 0x0000000089f00000| PB 0x0000000089f00000| Untracked 
|  74|0x000000008a000000, 0x000000008a000000, 0x000000008a100000|  0%| F|  |TAMS 0x000000008a000000| PB 0x000000008a000000| Untracked 
|  75|0x000000008a100000, 0x000000008a100000, 0x000000008a200000|  0%| F|  |TAMS 0x000000008a100000| PB 0x000000008a100000| Untracked 
|  76|0x000000008a200000, 0x000000008a200000, 0x000000008a300000|  0%| F|  |TAMS 0x000000008a200000| PB 0x000000008a200000| Untracked 
|  77|0x000000008a300000, 0x000000008a300000, 0x000000008a400000|  0%| F|  |TAMS 0x000000008a300000| PB 0x000000008a300000| Untracked 
|  78|0x000000008a400000, 0x000000008a400000, 0x000000008a500000|  0%| F|  |TAMS 0x000000008a400000| PB 0x000000008a400000| Untracked 
|  79|0x000000008a500000, 0x000000008a500000, 0x000000008a600000|  0%| F|  |TAMS 0x000000008a500000| PB 0x000000008a500000| Untracked 
|  80|0x000000008a600000, 0x000000008a600000, 0x000000008a700000|  0%| F|  |TAMS 0x000000008a600000| PB 0x000000008a600000| Untracked 
|  81|0x000000008a700000, 0x000000008a700000, 0x000000008a800000|  0%| F|  |TAMS 0x000000008a700000| PB 0x000000008a700000| Untracked 
|  82|0x000000008a800000, 0x000000008a800000, 0x000000008a900000|  0%| F|  |TAMS 0x000000008a800000| PB 0x000000008a800000| Untracked 
|  83|0x000000008a900000, 0x000000008a900000, 0x000000008aa00000|  0%| F|  |TAMS 0x000000008a900000| PB 0x000000008a900000| Untracked 
|  84|0x000000008aa00000, 0x000000008aa00000, 0x000000008ab00000|  0%| F|  |TAMS 0x000000008aa00000| PB 0x000000008aa00000| Untracked 
|  85|0x000000008ab00000, 0x000000008ab00000, 0x000000008ac00000|  0%| F|  |TAMS 0x000000008ab00000| PB 0x000000008ab00000| Untracked 
|  86|0x000000008ac00000, 0x000000008ac00000, 0x000000008ad00000|  0%| F|  |TAMS 0x000000008ac00000| PB 0x000000008ac00000| Untracked 
|  87|0x000000008ad00000, 0x000000008ad00000, 0x000000008ae00000|  0%| F|  |TAMS 0x000000008ad00000| PB 0x000000008ad00000| Untracked 
|  88|0x000000008ae00000, 0x000000008ae00000, 0x000000008af00000|  0%| F|  |TAMS 0x000000008ae00000| PB 0x000000008ae00000| Untracked 
|  89|0x000000008af00000, 0x000000008af00000, 0x000000008b000000|  0%| F|  |TAMS 0x000000008af00000| PB 0x000000008af00000| Untracked 
|  90|0x000000008b000000, 0x000000008b000000, 0x000000008b100000|  0%| F|  |TAMS 0x000000008b000000| PB 0x000000008b000000| Untracked 
|  91|0x000000008b100000, 0x000000008b1553e0, 0x000000008b200000| 33%| E|  |TAMS 0x000000008b100000| PB 0x000000008b100000| Complete 
|  92|0x000000008b200000, 0x000000008b300000, 0x000000008b300000|100%| E|CS|TAMS 0x000000008b200000| PB 0x000000008b200000| Complete 
|  93|0x000000008b300000, 0x000000008b400000, 0x000000008b400000|100%| E|CS|TAMS 0x000000008b300000| PB 0x000000008b300000| Complete 
|  94|0x000000008b400000, 0x000000008b500000, 0x000000008b500000|100%| E|CS|TAMS 0x000000008b400000| PB 0x000000008b400000| Complete 
|  95|0x000000008b500000, 0x000000008b600000, 0x000000008b600000|100%| E|CS|TAMS 0x000000008b500000| PB 0x000000008b500000| Complete 
|  96|0x000000008b600000, 0x000000008b700000, 0x000000008b700000|100%| E|CS|TAMS 0x000000008b600000| PB 0x000000008b600000| Complete 
|  97|0x000000008b700000, 0x000000008b800000, 0x000000008b800000|100%| E|CS|TAMS 0x000000008b700000| PB 0x000000008b700000| Complete 
|  98|0x000000008b800000, 0x000000008b900000, 0x000000008b900000|100%| E|CS|TAMS 0x000000008b800000| PB 0x000000008b800000| Complete 
|  99|0x000000008b900000, 0x000000008ba00000, 0x000000008ba00000|100%| E|CS|TAMS 0x000000008b900000| PB 0x000000008b900000| Complete 
| 100|0x000000008ba00000, 0x000000008bb00000, 0x000000008bb00000|100%| E|CS|TAMS 0x000000008ba00000| PB 0x000000008ba00000| Complete 
| 101|0x000000008bb00000, 0x000000008bc00000, 0x000000008bc00000|100%| E|CS|TAMS 0x000000008bb00000| PB 0x000000008bb00000| Complete 
| 102|0x000000008bc00000, 0x000000008bd00000, 0x000000008bd00000|100%| E|CS|TAMS 0x000000008bc00000| PB 0x000000008bc00000| Complete 
| 103|0x000000008bd00000, 0x000000008be00000, 0x000000008be00000|100%| E|CS|TAMS 0x000000008bd00000| PB 0x000000008bd00000| Complete 
| 104|0x000000008be00000, 0x000000008bf00000, 0x000000008bf00000|100%| E|CS|TAMS 0x000000008be00000| PB 0x000000008be00000| Complete 
| 105|0x000000008bf00000, 0x000000008bfcb170, 0x000000008c000000| 79%| S|CS|TAMS 0x000000008bf00000| PB 0x000000008bf00000| Complete 
| 106|0x000000008c000000, 0x000000008c100000, 0x000000008c100000|100%| E|CS|TAMS 0x000000008c000000| PB 0x000000008c000000| Complete 
| 107|0x000000008c100000, 0x000000008c200000, 0x000000008c200000|100%| E|CS|TAMS 0x000000008c100000| PB 0x000000008c100000| Complete 
| 108|0x000000008c200000, 0x000000008c300000, 0x000000008c300000|100%| E|  |TAMS 0x000000008c200000| PB 0x000000008c200000| Complete 
| 109|0x000000008c300000, 0x000000008c400000, 0x000000008c400000|100%| E|CS|TAMS 0x000000008c300000| PB 0x000000008c300000| Complete 
| 110|0x000000008c400000, 0x000000008c500000, 0x000000008c500000|100%| E|CS|TAMS 0x000000008c400000| PB 0x000000008c400000| Complete 
| 111|0x000000008c500000, 0x000000008c600000, 0x000000008c600000|100%| E|CS|TAMS 0x000000008c500000| PB 0x000000008c500000| Complete 
| 112|0x000000008c600000, 0x000000008c700000, 0x000000008c700000|100%| E|CS|TAMS 0x000000008c600000| PB 0x000000008c600000| Complete 
| 113|0x000000008c700000, 0x000000008c800000, 0x000000008c800000|100%| E|CS|TAMS 0x000000008c700000| PB 0x000000008c700000| Complete 
| 114|0x000000008c800000, 0x000000008c900000, 0x000000008c900000|100%| E|CS|TAMS 0x000000008c800000| PB 0x000000008c800000| Complete 
| 115|0x000000008c900000, 0x000000008ca00000, 0x000000008ca00000|100%| E|CS|TAMS 0x000000008c900000| PB 0x000000008c900000| Complete 
| 116|0x000000008ca00000, 0x000000008cb00000, 0x000000008cb00000|100%| E|CS|TAMS 0x000000008ca00000| PB 0x000000008ca00000| Complete 
| 117|0x000000008cb00000, 0x000000008cc00000, 0x000000008cc00000|100%| E|CS|TAMS 0x000000008cb00000| PB 0x000000008cb00000| Complete 
| 118|0x000000008cc00000, 0x000000008cd00000, 0x000000008cd00000|100%| E|CS|TAMS 0x000000008cc00000| PB 0x000000008cc00000| Complete 
| 119|0x000000008cd00000, 0x000000008ce00000, 0x000000008ce00000|100%| E|CS|TAMS 0x000000008cd00000| PB 0x000000008cd00000| Complete 
| 120|0x000000008ce00000, 0x000000008cf00000, 0x000000008cf00000|100%| E|CS|TAMS 0x000000008ce00000| PB 0x000000008ce00000| Complete 
| 121|0x000000008cf00000, 0x000000008d000000, 0x000000008d000000|100%| E|CS|TAMS 0x000000008cf00000| PB 0x000000008cf00000| Complete 
| 122|0x000000008d000000, 0x000000008d100000, 0x000000008d100000|100%| E|CS|TAMS 0x000000008d000000| PB 0x000000008d000000| Complete 
| 123|0x000000008d100000, 0x000000008d200000, 0x000000008d200000|100%| E|CS|TAMS 0x000000008d100000| PB 0x000000008d100000| Complete 
|1960|0x00000000ffe00000, 0x00000000fff00000, 0x00000000fff00000|100%| O|  |TAMS 0x00000000ffe00000| PB 0x00000000ffe00000| Untracked 
|1961|0x00000000fff00000, 0x00000000fff07c48, 0x0000000100000000|  3%| O|  |TAMS 0x00000000fff00000| PB 0x00000000fff00000| Untracked 

Card table byte_map: [0x000071853462b000,0x0000718534a00000] _byte_map_base: 0x0000718534200000

Marking Bits: (CMBitMap*) 0x000071854c081ba0
 Bits: [0x0000718532783000, 0x000071853462b000)

Polling page: 0x00007185524a4000

Metaspace:

Usage:
  Non-class:     10.72 MB used.
      Class:      1.43 MB used.
       Both:     12.15 MB used.

Virtual space:
  Non-class space:       64.00 MB reserved,      10.81 MB ( 17%) committed,  1 nodes.
      Class space:        1.00 GB reserved,       1.56 MB ( <1%) committed,  1 nodes.
             Both:        1.06 GB reserved,      12.38 MB (  1%) committed. 

Chunk freelists:
   Non-Class:  4.52 MB
       Class:  14.30 MB
        Both:  18.81 MB

MaxMetaspaceSize: unlimited
CompressedClassSpaceSize: 1.00 GB
Initial GC threshold: 21.00 MB
Current GC threshold: 21.00 MB
CDS: on
 - commit_granule_bytes: 65536.
 - commit_granule_words: 8192.
 - virtual_space_node_default_size: 8388608.
 - enlarge_chunks_in_place: 1.
 - use_allocation_guard: 0.


Internal statistics:

num_allocs_failed_limit: 0.
num_arena_births: 116.
num_arena_deaths: 0.
num_vsnodes_births: 2.
num_vsnodes_deaths: 0.
num_space_committed: 198.
num_space_uncommitted: 0.
num_chunks_returned_to_freelist: 0.
num_chunks_taken_from_freelist: 500.
num_chunk_merges: 0.
num_chunk_splits: 359.
num_chunks_enlarged: 292.
num_inconsistent_stats: 0.

CodeHeap 'non-profiled nmethods': size=120032Kb used=823Kb max_used=823Kb free=119208Kb
 bounds [0x000071853c4c8000, 0x000071853c738000, 0x0000718543a00000]
CodeHeap 'profiled nmethods': size=120028Kb used=4088Kb max_used=4088Kb free=115939Kb
 bounds [0x0000718534a00000, 0x0000718534e00000, 0x000071853bf37000]
CodeHeap 'non-nmethods': size=5700Kb used=1372Kb max_used=1400Kb free=4328Kb
 bounds [0x000071853bf37000, 0x000071853c1a7000, 0x000071853c4c8000]
 total_blobs=2648 nmethods=2163 adapters=390
 compilation: enabled
              stopped_count=0, restarted_count=0
 full_count=0

Compilation events (20 events):
Event: 1.466 Thread 0x000071854c150120 nmethod 2145 0x0000718534df3190 code [0x0000718534df3340, 0x0000718534df3478]
Event: 1.466 Thread 0x000071854c150120 2146       3       java.io.DataInputStream::readUnsignedShort (19 bytes)
Event: 1.467 Thread 0x000071854c150120 nmethod 2146 0x0000718534df3510 code [0x0000718534df3720, 0x0000718534df3d68]
Event: 1.467 Thread 0x000071854c150120 2147       3       jdk.internal.util.ByteArray::getUnsignedShort (12 bytes)
Event: 1.467 Thread 0x000071854c150120 nmethod 2147 0x0000718534df4010 code [0x0000718534df4200, 0x0000718534df4780]
Event: 1.467 Thread 0x000071854c150120 2148       3       java.lang.Short::toUnsignedInt (5 bytes)
Event: 1.467 Thread 0x000071854c150120 nmethod 2148 0x0000718534df4a10 code [0x0000718534df4ba0, 0x0000718534df4c90]
Event: 1.467 Thread 0x000071854c150120 2150       3       java.io.DataInputStream::readFully (9 bytes)
Event: 1.467 Thread 0x000071854c150120 nmethod 2150 0x0000718534df4d10 code [0x0000718534df4ec0, 0x0000718534df5008]
Event: 1.467 Thread 0x000071854c150120 2139       3       com.google.inject.internal.InjectorBindingData::getExplicitBinding (48 bytes)
Event: 1.467 Thread 0x000071854c150120 nmethod 2139 0x0000718534df5110 code [0x0000718534df5320, 0x0000718534df5b20]
Event: 1.467 Thread 0x000071854c150120 2152       3       java.util.concurrent.ConcurrentHashMap$KeyIterator::next (34 bytes)
Event: 1.468 Thread 0x000071854c150120 nmethod 2152 0x0000718534df5d90 code [0x0000718534df5f60, 0x0000718534df6218]
Event: 1.468 Thread 0x000071854c150120 2144       1       com.google.inject.internal.asm.$MethodWriter::hasAsmInstructions (5 bytes)
Event: 1.468 Thread 0x000071854c150120 nmethod 2144 0x000071853c593310 code [0x000071853c5934a0, 0x000071853c593568]
Event: 1.468 Thread 0x000071854c150120 2135       3       com.google.inject.spi.InjectionPoint$InjectableMember::<init> (50 bytes)
Event: 1.468 Thread 0x000071854c150120 nmethod 2135 0x0000718534df6390 code [0x0000718534df6580, 0x0000718534df6a38]
Event: 1.468 Thread 0x000071854c150120 2136       3       com.google.inject.spi.InjectionPoint$InjectableMembers::add (42 bytes)
Event: 1.468 Thread 0x000071854c150120 nmethod 2136 0x0000718534df6c10 code [0x0000718534df6dc0, 0x0000718534df7118]
Event: 1.468 Thread 0x000071854c150120 2137       3       java.util.regex.Pattern::isSupplementary (21 bytes)

GC Heap History (4 events):
Event: 0.522 GC heap before
{Heap before GC invocations=0 (full 0):
 garbage-first heap   total 129024K, used 14367K [0x0000000085600000, 0x0000000100000000)
  region size 1024K, 13 young (13312K), 0 survivors (0K)
 Metaspace       used 4315K, committed 4480K, reserved 1114112K
  class space    used 436K, committed 512K, reserved 1048576K
}
Event: 0.526 GC heap after
{Heap after GC invocations=1 (full 0):
 garbage-first heap   total 129024K, used 3927K [0x0000000085600000, 0x0000000100000000)
  region size 1024K, 2 young (2048K), 2 survivors (2048K)
 Metaspace       used 4315K, committed 4480K, reserved 1114112K
  class space    used 436K, committed 512K, reserved 1048576K
}
Event: 0.829 GC heap before
{Heap before GC invocations=1 (full 0):
 garbage-first heap   total 129024K, used 20311K [0x0000000085600000, 0x0000000100000000)
  region size 1024K, 18 young (18432K), 2 survivors (2048K)
 Metaspace       used 6731K, committed 6848K, reserved 1114112K
  class space    used 760K, committed 832K, reserved 1048576K
}
Event: 0.832 GC heap after
{Heap after GC invocations=2 (full 0):
 garbage-first heap   total 129024K, used 4910K [0x0000000085600000, 0x0000000100000000)
  region size 1024K, 1 young (1024K), 1 survivors (1024K)
 Metaspace       used 6731K, committed 6848K, reserved 1114112K
  class space    used 760K, committed 832K, reserved 1048576K
}

Dll operation events (11 events):
Event: 0.002 Loaded shared library /usr/lib/jvm/jdk-21-oracle-x64/lib/libjava.so
Event: 0.026 Loaded shared library /usr/lib/jvm/jdk-21-oracle-x64/lib/libjsvml.so
Event: 0.070 Loaded shared library /usr/lib/jvm/jdk-21-oracle-x64/lib/libzip.so
Event: 0.072 Loaded shared library /usr/lib/jvm/jdk-21-oracle-x64/lib/libinstrument.so
Event: 0.074 Loaded shared library /usr/lib/jvm/jdk-21-oracle-x64/lib/libnio.so
Event: 0.077 Loaded shared library /usr/lib/jvm/jdk-21-oracle-x64/lib/libzip.so
Event: 0.096 Loaded shared library /usr/lib/jvm/jdk-21-oracle-x64/lib/libnet.so
Event: 0.102 Loaded shared library /usr/lib/jvm/jdk-21-oracle-x64/lib/libextnet.so
Event: 0.210 Loaded shared library /usr/lib/jvm/jdk-21-oracle-x64/lib/libjimage.so
Event: 0.227 Loaded shared library /tmp/jansi-2.4.0-6360f3c9c909d09f-libjansi.so
Event: 0.244 Loaded shared library /usr/lib/jvm/jdk-21-oracle-x64/lib/libverify.so

Deoptimization events (20 events):
Event: 1.308 Thread 0x000071854c02a720 Uncommon trap: trap_request=0xffffff45 fr.pc=0x000071853c54f9a8 relative=0x0000000000000208
Event: 1.308 Thread 0x000071854c02a720 Uncommon trap: reason=unstable_if action=reinterpret pc=0x000071853c54f9a8 method=java.lang.ClassLoader.checkName(Ljava/lang/String;)Z @ 1 c2
Event: 1.308 Thread 0x000071854c02a720 DEOPT PACKING pc=0x000071853c54f9a8 sp=0x0000718550bfd0b0
Event: 1.308 Thread 0x000071854c02a720 DEOPT UNPACKING pc=0x000071853bf8af99 sp=0x0000718550bfd068 mode 2
Event: 1.334 Thread 0x000071854c02a720 Uncommon trap: trap_request=0xffffff45 fr.pc=0x000071853c582544 relative=0x0000000000000b24
Event: 1.334 Thread 0x000071854c02a720 Uncommon trap: reason=unstable_if action=reinterpret pc=0x000071853c582544 method=jdk.internal.org.objectweb.asm.SymbolTable.put(Ljdk/internal/org/objectweb/asm/SymbolTable$Entry;)Ljdk/internal/org/objectweb/asm/SymbolTable$Entry; @ 13 c2
Event: 1.334 Thread 0x000071854c02a720 DEOPT PACKING pc=0x000071853c582544 sp=0x0000718550bfcde0
Event: 1.334 Thread 0x000071854c02a720 DEOPT UNPACKING pc=0x000071853bf8af99 sp=0x0000718550bfcd18 mode 2
Event: 1.375 Thread 0x000071854c02a720 DEOPT PACKING pc=0x0000718534d6d46c sp=0x0000718550bfd590
Event: 1.375 Thread 0x000071854c02a720 DEOPT UNPACKING pc=0x000071853bf8b72f sp=0x0000718550bfcb10 mode 0
Event: 1.428 Thread 0x000071854c02a720 DEOPT PACKING pc=0x0000718534d6199c sp=0x0000718550bfc9f0
Event: 1.428 Thread 0x000071854c02a720 DEOPT UNPACKING pc=0x000071853bf8b72f sp=0x0000718550bfbec8 mode 0
Event: 1.459 Thread 0x00007184c4000ff0 Uncommon trap: trap_request=0xffffffc6 fr.pc=0x000071853c537c2c relative=0x00000000000003cc
Event: 1.459 Thread 0x00007184c4000ff0 Uncommon trap: reason=bimorphic_or_optimized_type_check action=maybe_recompile pc=0x000071853c537c2c method=java.nio.Buffer.<init>(IIIILjava/lang/foreign/MemorySegment;)V @ 39 c2
Event: 1.459 Thread 0x00007184c4000ff0 DEOPT PACKING pc=0x000071853c537c2c sp=0x00007184d8dfa070
Event: 1.459 Thread 0x00007184c4000ff0 DEOPT UNPACKING pc=0x000071853bf8af99 sp=0x00007184d8dfa018 mode 2
Event: 1.460 Thread 0x00007184c4000ff0 Uncommon trap: trap_request=0xffffff45 fr.pc=0x000071853c53e4a8 relative=0x0000000000000428
Event: 1.460 Thread 0x00007184c4000ff0 Uncommon trap: reason=unstable_if action=reinterpret pc=0x000071853c53e4a8 method=java.util.regex.Pattern$BmpCharPropertyGreedy.match(Ljava/util/regex/Matcher;ILjava/lang/CharSequence;)Z @ 12 c2
Event: 1.460 Thread 0x00007184c4000ff0 DEOPT PACKING pc=0x000071853c53e4a8 sp=0x00007184d8dfaad0
Event: 1.460 Thread 0x00007184c4000ff0 DEOPT UNPACKING pc=0x000071853bf8af99 sp=0x00007184d8dfaa88 mode 2

Classes loaded (20 events):
Event: 1.460 Loading class sun/util/resources/TimeZoneNamesBundle done
Event: 1.460 Loading class sun/util/resources/cldr/TimeZoneNames done
Event: 1.460 Loading class sun/util/resources/cldr/TimeZoneNames_en
Event: 1.461 Loading class sun/util/resources/cldr/TimeZoneNames_en done
Event: 1.461 Loading class sun/util/resources/cldr/TimeZoneNames_en_US
Event: 1.461 Loading class sun/util/resources/cldr/TimeZoneNames_en_US done
Event: 1.462 Loading class sun/util/cldr/CLDRBaseLocaleDataMetaInfo$TZCanonicalIDMapHolder
Event: 1.463 Loading class sun/util/cldr/CLDRBaseLocaleDataMetaInfo$TZCanonicalIDMapHolder done
Event: 1.464 Loading class java/time/zone/ZoneRulesProvider
Event: 1.464 Loading class java/time/zone/ZoneRulesProvider done
Event: 1.464 Loading class java/time/zone/ZoneRulesProvider$1
Event: 1.464 Loading class java/time/zone/ZoneRulesProvider$1 done
Event: 1.464 Loading class java/time/zone/TzdbZoneRulesProvider
Event: 1.464 Loading class java/time/zone/TzdbZoneRulesProvider done
Event: 1.467 Loading class java/time/zone/Ser
Event: 1.467 Loading class java/io/Externalizable
Event: 1.467 Loading class java/io/Externalizable done
Event: 1.467 Loading class java/time/zone/Ser done
Event: 1.468 Loading class java/time/zone/ZoneOffsetTransition
Event: 1.468 Loading class java/time/zone/ZoneOffsetTransition done

Classes unloaded (0 events):
No events

Classes redefined (0 events):
No events

Internal exceptions (20 events):
Event: 0.120 Thread 0x000071854c02a720 Exception <a 'java/lang/NoSuchMethodError'{0x000000008cf66148}: 'int java.lang.invoke.DirectMethodHandle$Holder.invokeSpecial(java.lang.Object, java.lang.Object, java.lang.Object)'> (0x000000008cf66148) 
thrown [open/src/hotspot/share/interpreter/linkResolver.cpp, line 772]
Event: 0.205 Thread 0x000071854c02a720 Exception <a 'java/lang/NullPointerException'{0x000000008cd982e0}> (0x000000008cd982e0) 
thrown [open/src/hotspot/share/interpreter/linkResolver.cpp, line 1372]
Event: 0.339 Thread 0x000071854c02a720 Exception <a 'java/lang/NoSuchMethodError'{0x000000008ca56828}: 'java.lang.Object java.lang.invoke.DirectMethodHandle$Holder.invokeSpecialIFC(java.lang.Object, java.lang.Object, java.lang.Object, java.lang.Object)'> (0x000000008ca56828) 
thrown [open/src/hotspot/share/interpreter/linkResolver.cpp, line 772]
Event: 0.518 Thread 0x000071854c02a720 Exception <a 'java/lang/NoSuchMethodError'{0x000000008c5c30d8}: 'void java.lang.invoke.DirectMethodHandle$Holder.invokeSpecial(java.lang.Object, java.lang.Object, java.lang.Object)'> (0x000000008c5c30d8) 
thrown [open/src/hotspot/share/interpreter/linkResolver.cpp, line 772]
Event: 0.547 Thread 0x000071854c02a720 Exception <a 'java/lang/NoSuchMethodError'{0x000000008d02dc38}: 'java.lang.Object java.lang.invoke.DirectMethodHandle$Holder.invokeInterface(java.lang.Object, java.lang.Object)'> (0x000000008d02dc38) 
thrown [open/src/hotspot/share/interpreter/linkResolver.cpp, line 772]
Event: 0.558 Thread 0x000071854c02a720 Exception <a 'java/lang/NoSuchMethodError'{0x000000008d0c8af8}: 'int java.lang.invoke.DirectMethodHandle$Holder.invokeStatic(java.lang.Object, java.lang.Object, java.lang.Object, java.lang.Object)'> (0x000000008d0c8af8) 
thrown [open/src/hotspot/share/interpreter/linkResolver.cpp, line 772]
Event: 0.558 Thread 0x000071854c02a720 Exception <a 'java/lang/NoSuchMethodError'{0x000000008d0cc178}: 'java.lang.Object java.lang.invoke.Invokers$Holder.invokeExact_MT(java.lang.Object, java.lang.Object, java.lang.Object, java.lang.Object, java.lang.Object, java.lang.Object)'> (0x000000008d0cc178) 
thrown [open/src/hotspot/share/interpreter/linkResolver.cpp, line 772]
Event: 0.559 Thread 0x000071854c02a720 Exception <a 'java/lang/NoSuchMethodError'{0x000000008d0da868}: 'int java.lang.invoke.DirectMethodHandle$Holder.invokeSpecialIFC(java.lang.Object, java.lang.Object, java.lang.Object, java.lang.Object, java.lang.Object)'> (0x000000008d0da868) 
thrown [open/src/hotspot/share/interpreter/linkResolver.cpp, line 772]
Event: 0.599 Thread 0x000071854c02a720 Exception <a 'java/lang/NoSuchMethodError'{0x000000008ce6fac0}: 'java.lang.Object java.lang.invoke.DirectMethodHandle$Holder.newInvokeSpecial(java.lang.Object, java.lang.Object, java.lang.Object, java.lang.Object, java.lang.Object)'> (0x000000008ce6fac0) 
thrown [open/src/hotspot/share/interpreter/linkResolver.cpp, line 772]
Event: 0.629 Thread 0x000071854c02a720 Exception <a 'java/lang/NoSuchMethodError'{0x000000008cd6f5b0}: 'int java.lang.invoke.DirectMethodHandle$Holder.invokeStaticInit(java.lang.Object, java.lang.Object)'> (0x000000008cd6f5b0) 
thrown [open/src/hotspot/share/interpreter/linkResolver.cpp, line 772]
Event: 0.638 Thread 0x000071854c02a720 Exception <a 'java/lang/NoClassDefFoundError'{0x000000008cda29d0}: javax/enterprise/inject/Typed> (0x000000008cda29d0) 
thrown [open/src/hotspot/share/classfile/systemDictionary.cpp, line 301]
Event: 1.223 Thread 0x000071854c02a720 Exception <a 'java/lang/NoSuchMethodError'{0x000000008b9edaf8}: 'void java.lang.invoke.DirectMethodHandle$Holder.invokeStaticInit(java.lang.Object, java.lang.Object, java.lang.Object)'> (0x000000008b9edaf8) 
thrown [open/src/hotspot/share/interpreter/linkResolver.cpp, line 772]
Event: 1.227 Thread 0x000071854c02a720 Exception <a 'java/lang/ExceptionInInitializerError'{0x000000008b818ba0}> (0x000000008b818ba0) 
thrown [open/src/hotspot/share/oops/instanceKlass.cpp, line 1180]
Event: 1.266 Thread 0x000071854c02a720 Exception <a 'java/lang/NoSuchMethodError'{0x000000008b72bd08}: 'long java.lang.invoke.DirectMethodHandle$Holder.invokeStatic(java.lang.Object, java.lang.Object, int)'> (0x000000008b72bd08) 
thrown [open/src/hotspot/share/interpreter/linkResolver.cpp, line 772]
Event: 1.274 Thread 0x000071854c02a720 Exception <a 'java/lang/NoSuchMethodError'{0x000000008b73ec00}: 'java.lang.Object java.lang.invoke.DirectMethodHandle$Holder.invokeStatic(java.lang.Object, java.lang.Object, java.lang.Object, java.lang.Object, int)'> (0x000000008b73ec00) 
thrown [open/src/hotspot/share/interpreter/linkResolver.cpp, line 772]
Event: 1.277 Thread 0x000071854c02a720 Exception <a 'java/lang/NoSuchMethodError'{0x000000008b746b18}: 'java.lang.Object java.lang.invoke.DirectMethodHandle$Holder.invokeSpecial(java.lang.Object, java.lang.Object, java.lang.Object, java.lang.Object, long)'> (0x000000008b746b18) 
thrown [open/src/hotspot/share/interpreter/linkResolver.cpp, line 772]
Event: 1.280 Thread 0x000071854c02a720 Exception <a 'java/lang/NoSuchMethodError'{0x000000008b752608}: 'java.lang.Object java.lang.invoke.DirectMethodHandle$Holder.invokeSpecial(java.lang.Object, java.lang.Object, java.lang.Object, int, java.lang.Object)'> (0x000000008b752608) 
thrown [open/src/hotspot/share/interpreter/linkResolver.cpp, line 772]
Event: 1.284 Thread 0x000071854c02a720 Exception <a 'java/lang/NoSuchMethodError'{0x000000008b75ad28}: 'int java.lang.invoke.DirectMethodHandle$Holder.invokeSpecial(java.lang.Object, java.lang.Object, java.lang.Object, int)'> (0x000000008b75ad28) 
thrown [open/src/hotspot/share/interpreter/linkResolver.cpp, line 772]
Event: 1.308 Thread 0x000071854c02a720 Implicit null exception at 0x000071853c54f7c0 to 0x000071853c54f998
Event: 1.317 Thread 0x000071854c02a720 Exception <a 'java/lang/NoSuchMethodError'{0x000000008b77f940}: 'java.lang.Object java.lang.invoke.Invokers$Holder.invokeExact_MT(java.lang.Object, int, java.lang.Object)'> (0x000000008b77f940) 
thrown [open/src/hotspot/share/interpreter/linkResolver.cpp, line 772]

ZGC Phase Switch (0 events):
No events

VM Operations (20 events):
Event: 0.213 Executing VM operation: HandshakeAllThreads (Deoptimize)
Event: 0.213 Executing VM operation: HandshakeAllThreads (Deoptimize) done
Event: 0.522 Executing VM operation: G1CollectForAllocation (G1 Evacuation Pause)
Event: 0.526 Executing VM operation: G1CollectForAllocation (G1 Evacuation Pause) done
Event: 0.828 Executing VM operation: G1CollectForAllocation (G1 Evacuation Pause)
Event: 0.832 Executing VM operation: G1CollectForAllocation (G1 Evacuation Pause) done
Event: 0.999 Executing VM operation: HandshakeAllThreads (Deoptimize)
Event: 0.999 Executing VM operation: HandshakeAllThreads (Deoptimize) done
Event: 1.069 Executing VM operation: HandshakeAllThreads (Deoptimize)
Event: 1.069 Executing VM operation: HandshakeAllThreads (Deoptimize) done
Event: 1.171 Executing VM operation: ICBufferFull
Event: 1.171 Executing VM operation: ICBufferFull done
Event: 1.237 Executing VM operation: HandshakeAllThreads (Deoptimize)
Event: 1.237 Executing VM operation: HandshakeAllThreads (Deoptimize) done
Event: 1.373 Executing VM operation: HandshakeAllThreads (Deoptimize)
Event: 1.373 Executing VM operation: HandshakeAllThreads (Deoptimize) done
Event: 1.375 Executing VM operation: HandshakeAllThreads (Deoptimize)
Event: 1.375 Executing VM operation: HandshakeAllThreads (Deoptimize) done
Event: 1.428 Executing VM operation: HandshakeAllThreads (Deoptimize)
Event: 1.428 Executing VM operation: HandshakeAllThreads (Deoptimize) done

Events (20 events):
Event: 0.025 Thread 0x000071854c14a340 Thread added: 0x000071854c14a340
Event: 0.025 Protecting memory [0x00007184d9c00000,0x00007184d9c04000] with protection modes 0
Event: 0.025 Thread 0x000071854c14b980 Thread added: 0x000071854c14b980
Event: 0.025 Protecting memory [0x00007184d9b00000,0x00007184d9b04000] with protection modes 0
Event: 0.025 Thread 0x000071854c14cf20 Thread added: 0x000071854c14cf20
Event: 0.025 Protecting memory [0x00007184d9a00000,0x00007184d9a04000] with protection modes 0
Event: 0.025 Thread 0x000071854c14ea60 Thread added: 0x000071854c14ea60
Event: 0.025 Protecting memory [0x00007184d9900000,0x00007184d9904000] with protection modes 0
Event: 0.025 Thread 0x000071854c150120 Thread added: 0x000071854c150120
Event: 0.027 Protecting memory [0x00007184d9800000,0x00007184d9804000] with protection modes 0
Event: 0.046 Thread 0x000071854c16a1b0 Thread added: 0x000071854c16a1b0
Event: 0.046 Protecting memory [0x00007184d9630000,0x00007184d9634000] with protection modes 0
Event: 0.092 Thread 0x000071854c260ee0 Thread added: 0x000071854c260ee0
Event: 0.092 Protecting memory [0x00007184d9530000,0x00007184d9534000] with protection modes 0
Event: 0.094 Thread 0x000071854c2631b0 Thread added: 0x000071854c2631b0
Event: 0.097 Protecting memory [0x00007184d9430000,0x00007184d9434000] with protection modes 0
Event: 0.642 Thread 0x00007184b42d5610 Thread added: 0x00007184b42d5610
Event: 0.645 Protecting memory [0x00007184d8efe000,0x00007184d8f02000] with protection modes 0
Event: 1.354 Thread 0x00007184c4000ff0 Thread added: 0x00007184c4000ff0
Event: 1.354 Protecting memory [0x00007184d8cfd000,0x00007184d8d01000] with protection modes 0


Dynamic libraries:
85600000-8d200000 rw-p 00000000 00:00 0 
8d200000-ffe00000 ---p 00000000 00:00 0 
ffe00000-fff08000 rw-p 00ce7000 103:02 6047489                           /usr/lib/jvm/jdk-21-oracle-x64/lib/server/classes.jsa
fff08000-100000000 rw-p 00000000 00:00 0 
5ae672276000-5ae672277000 r-xp 00000000 103:02 5801153                   /usr/lib/jvm/jdk-21-oracle-x64/bin/java
5ae672278000-5ae672279000 r--p 00001000 103:02 5801153                   /usr/lib/jvm/jdk-21-oracle-x64/bin/java
5ae672279000-5ae67227a000 rw-p 00002000 103:02 5801153                   /usr/lib/jvm/jdk-21-oracle-x64/bin/java
5ae672415000-5ae67245b000 rw-p 00000000 00:00 0                          [heap]
718490000000-718490021000 rw-p 00000000 00:00 0 
718490021000-718494000000 ---p 00000000 00:00 0 
718494000000-718494022000 rw-p 00000000 00:00 0 
718494022000-718498000000 ---p 00000000 00:00 0 
718498000000-718498021000 rw-p 00000000 00:00 0 
718498021000-71849c000000 ---p 00000000 00:00 0 
71849c000000-71849c24c000 rw-p 00000000 00:00 0 
71849c24c000-7184a0000000 ---p 00000000 00:00 0 
7184a0000000-7184a0021000 rw-p 00000000 00:00 0 
7184a0021000-7184a4000000 ---p 00000000 00:00 0 
7184a4000000-7184a4021000 rw-p 00000000 00:00 0 
7184a4021000-7184a8000000 ---p 00000000 00:00 0 
7184a8000000-7184a8021000 rw-p 00000000 00:00 0 
7184a8021000-7184ac000000 ---p 00000000 00:00 0 
7184ac000000-7184ac021000 rw-p 00000000 00:00 0 
7184ac021000-7184b0000000 ---p 00000000 00:00 0 
7184b0000000-7184b05f9000 rw-p 00000000 00:00 0 
7184b05f9000-7184b4000000 ---p 00000000 00:00 0 
7184b4000000-7184b437d000 rw-p 00000000 00:00 0 
7184b437d000-7184b8000000 ---p 00000000 00:00 0 
7184b8000000-7184b8021000 rw-p 00000000 00:00 0 
7184b8021000-7184bc000000 ---p 00000000 00:00 0 
7184bc000000-7184bc021000 rw-p 00000000 00:00 0 
7184bc021000-7184c0000000 ---p 00000000 00:00 0 
7184c0000000-7184c0021000 rw-p 00000000 00:00 0 
7184c0021000-7184c4000000 ---p 00000000 00:00 0 
7184c4000000-7184c4021000 rw-p 00000000 00:00 0 
7184c4021000-7184c8000000 ---p 00000000 00:00 0 
7184c8000000-7184c8021000 rw-p 00000000 00:00 0 
7184c8021000-7184cc000000 ---p 00000000 00:00 0 
7184cc000000-7184cc021000 rw-p 00000000 00:00 0 
7184cc021000-7184d0000000 ---p 00000000 00:00 0 
7184d0000000-7184d0350000 rw-p 00000000 00:00 0 
7184d0350000-7184d0400000 ---p 00000000 00:00 0 
7184d0400000-7184d0b80000 rw-p 00000000 00:00 0 
7184d0b80000-7184d4000000 ---p 00000000 00:00 0 
7184d4000000-7184d4021000 rw-p 00000000 00:00 0 
7184d4021000-7184d8000000 ---p 00000000 00:00 0 
7184d88d1000-7184d8cfd000 rw-p 00000000 00:00 0 
7184d8cfd000-7184d8d01000 ---p 00000000 00:00 0 
7184d8d01000-7184d8dfd000 rw-p 00000000 00:00 0 
7184d8dfd000-7184d8dfe000 ---p 00000000 00:00 0 
7184d8dfe000-7184d8efe000 rw-p 00000000 00:00 0 
7184d8efe000-7184d8f02000 ---p 00000000 00:00 0 
7184d8f02000-7184d8ffe000 rw-p 00000000 00:00 0 
7184d8ffe000-7184d8fff000 ---p 00000000 00:00 0 
7184d8fff000-7184d90ff000 rw-p 00000000 00:00 0 
7184d90ff000-7184d9100000 ---p 00000000 00:00 0 
7184d9100000-7184d9200000 rw-p 00000000 00:00 0 
7184d9200000-7184d9203000 r-xp 00000000 103:02 7077924                   /tmp/jansi-2.4.0-6360f3c9c909d09f-libjansi.so
7184d9203000-7184d9402000 ---p 00003000 103:02 7077924                   /tmp/jansi-2.4.0-6360f3c9c909d09f-libjansi.so
7184d9402000-7184d9403000 rw-p 00002000 103:02 7077924                   /tmp/jansi-2.4.0-6360f3c9c909d09f-libjansi.so
7184d9430000-7184d9434000 ---p 00000000 00:00 0 
7184d9434000-7184d9530000 rw-p 00000000 00:00 0 
7184d9530000-7184d9534000 ---p 00000000 00:00 0 
7184d9534000-7184d9630000 rw-p 00000000 00:00 0 
7184d9630000-7184d9634000 ---p 00000000 00:00 0 
7184d9634000-7184d9730000 rw-p 00000000 00:00 0 
7184d9730000-7184d97fe000 r-xp 00000000 103:02 6047463                   /usr/lib/jvm/jdk-21-oracle-x64/lib/libjsvml.so
7184d97fe000-7184d97ff000 r--p 000cd000 103:02 6047463                   /usr/lib/jvm/jdk-21-oracle-x64/lib/libjsvml.so
7184d97ff000-7184d9800000 rw-p 000ce000 103:02 6047463                   /usr/lib/jvm/jdk-21-oracle-x64/lib/libjsvml.so
7184d9800000-7184d9804000 ---p 00000000 00:00 0 
7184d9804000-7184d9900000 rw-p 00000000 00:00 0 
7184d9900000-7184d9904000 ---p 00000000 00:00 0 
7184d9904000-7184d9a00000 rw-p 00000000 00:00 0 
7184d9a00000-7184d9a04000 ---p 00000000 00:00 0 
7184d9a04000-7184d9b00000 rw-p 00000000 00:00 0 
7184d9b00000-7184d9b04000 ---p 00000000 00:00 0 
7184d9b04000-7184d9c00000 rw-p 00000000 00:00 0 
7184d9c00000-7184d9c04000 ---p 00000000 00:00 0 
7184d9c04000-7184d9d00000 rw-p 00000000 00:00 0 
7184d9d00000-7184d9d04000 ---p 00000000 00:00 0 
7184d9d04000-7184d9e00000 rw-p 00000000 00:00 0 
7184d9e00000-7184dabe7000 r--p 00000000 103:02 5253903                   /usr/lib/locale/locale-archive
7184dac7d000-7184dac81000 ---p 00000000 00:00 0 
7184dac81000-7184dad7d000 rw-p 00000000 00:00 0 
7184dad7d000-7184dad7e000 ---p 00000000 00:00 0 
7184dad7e000-7184dae7e000 rw-p 00000000 00:00 0 
7184dae7e000-7184dae7f000 ---p 00000000 00:00 0 
7184dae7f000-7184db000000 rw-p 00000000 00:00 0 
7184db000000-7184dbca8000 rw-p 00001000 103:02 6047489                   /usr/lib/jvm/jdk-21-oracle-x64/lib/server/classes.jsa
7184dbca8000-7184dc000000 ---p 00000000 00:00 0 
7184dc000000-7184dc030000 rw-p 00000000 00:00 0 
7184dc030000-7184dc070000 rw-p 00000000 00:00 0 
7184dc070000-7184dc130000 rw-p 00000000 00:00 0 
7184dc130000-7184dc150000 rw-p 00000000 00:00 0 
7184dc150000-7184dc180000 ---p 00000000 00:00 0 
7184dc180000-7184dc1c0000 rw-p 00000000 00:00 0 
7184dc1c0000-71851c000000 ---p 00000000 00:00 0 
71851c000000-71851c021000 rw-p 00000000 00:00 0 
71851c021000-718520000000 ---p 00000000 00:00 0 
718520000000-718520021000 rw-p 00000000 00:00 0 
718520021000-718524000000 ---p 00000000 00:00 0 
718524000000-718524021000 rw-p 00000000 00:00 0 
718524021000-718528000000 ---p 00000000 00:00 0 
718528000000-718528021000 rw-p 00000000 00:00 0 
718528021000-71852c000000 ---p 00000000 00:00 0 
71852c000000-71852c021000 rw-p 00000000 00:00 0 
71852c021000-718530000000 ---p 00000000 00:00 0 
718530021000-71853007c000 rw-p 00000000 00:00 0 
71853007c000-71853007d000 ---p 00000000 00:00 0 
71853007d000-71853017d000 rw-p 00000000 00:00 0 
71853017d000-71853017e000 ---p 00000000 00:00 0 
71853017e000-718532682000 rw-p 00000000 00:00 0 
718532682000-718532683000 ---p 00000000 00:00 0 
718532683000-718532973000 rw-p 00000000 00:00 0 
718532973000-718534623000 ---p 00000000 00:00 0 
718534623000-718534627000 rw-p 00000000 00:00 0 
718534627000-718534669000 rw-p 00000000 00:00 0 
718534669000-7185349ff000 ---p 00000000 00:00 0 
7185349ff000-718534a00000 rw-p 00000000 00:00 0 
718534a00000-718534e10000 rwxp 00000000 00:00 0 
718534e10000-71853bf37000 ---p 00000000 00:00 0 
71853bf37000-71853c1a7000 rwxp 00000000 00:00 0 
71853c1a7000-71853c4c8000 ---p 00000000 00:00 0 
71853c4c8000-71853c738000 rwxp 00000000 00:00 0 
71853c738000-718543a00000 ---p 00000000 00:00 0 
718543a00000-71854bed5000 r--s 00000000 103:02 6047480                   /usr/lib/jvm/jdk-21-oracle-x64/lib/modules
71854beef000-71854befc000 r-xp 00000000 103:02 6047478                   /usr/lib/jvm/jdk-21-oracle-x64/lib/libverify.so
71854befc000-71854befe000 r--p 0000c000 103:02 6047478                   /usr/lib/jvm/jdk-21-oracle-x64/lib/libverify.so
71854befe000-71854beff000 rw-p 0000e000 103:02 6047478                   /usr/lib/jvm/jdk-21-oracle-x64/lib/libverify.so
71854beff000-71854bf00000 ---p 00000000 00:00 0 
71854bf00000-71854c000000 rw-p 00000000 00:00 0 
71854c000000-71854cad7000 rw-p 00000000 00:00 0 
71854cad7000-718550000000 ---p 00000000 00:00 0 
718550008000-71855000f000 r--s 00000000 103:02 5272956                   /usr/lib/x86_64-linux-gnu/gconv/gconv-modules.cache
71855000f000-718550050000 rw-p 00000000 00:00 0 
718550050000-718550051000 ---p 00000000 00:00 0 
718550051000-71855018f000 rw-p 00000000 00:00 0 
71855018f000-718550525000 ---p 00000000 00:00 0 
718550525000-71855092f000 rw-p 00000000 00:00 0 
71855092f000-718550a15000 ---p 00000000 00:00 0 
718550a15000-718550a1e000 rw-p 00000000 00:00 0 
718550a1e000-718550b00000 ---p 00000000 00:00 0 
718550b00000-718550b04000 ---p 00000000 00:00 0 
718550b04000-718550c00000 rw-p 00000000 00:00 0 
718550c00000-718551f12000 r-xp 00000000 103:02 6047492                   /usr/lib/jvm/jdk-21-oracle-x64/lib/server/libjvm.so
718551f12000-718551f13000 ---p 01312000 103:02 6047492                   /usr/lib/jvm/jdk-21-oracle-x64/lib/server/libjvm.so
718551f13000-718551fe0000 r--p 01312000 103:02 6047492                   /usr/lib/jvm/jdk-21-oracle-x64/lib/server/libjvm.so
718551fe0000-71855200e000 rw-p 013df000 103:02 6047492                   /usr/lib/jvm/jdk-21-oracle-x64/lib/server/libjvm.so
71855200e000-718552074000 rw-p 00000000 00:00 0 
718552079000-718552085000 r-xp 00000000 103:02 6047470                   /usr/lib/jvm/jdk-21-oracle-x64/lib/libnet.so
718552085000-718552086000 r--p 0000b000 103:02 6047470                   /usr/lib/jvm/jdk-21-oracle-x64/lib/libnet.so
718552086000-718552087000 rw-p 0000c000 103:02 6047470                   /usr/lib/jvm/jdk-21-oracle-x64/lib/libnet.so
718552087000-71855209b000 r-xp 00000000 103:02 6047471                   /usr/lib/jvm/jdk-21-oracle-x64/lib/libnio.so
71855209b000-71855209c000 r--p 00013000 103:02 6047471                   /usr/lib/jvm/jdk-21-oracle-x64/lib/libnio.so
71855209c000-71855209d000 rw-p 00014000 103:02 6047471                   /usr/lib/jvm/jdk-21-oracle-x64/lib/libnio.so
71855209d000-7185520a4000 r-xp 00000000 103:02 6047479                   /usr/lib/jvm/jdk-21-oracle-x64/lib/libzip.so
7185520a4000-7185520a5000 ---p 00007000 103:02 6047479                   /usr/lib/jvm/jdk-21-oracle-x64/lib/libzip.so
7185520a5000-7185520a6000 r--p 00007000 103:02 6047479                   /usr/lib/jvm/jdk-21-oracle-x64/lib/libzip.so
7185520a6000-7185520a7000 rw-p 00008000 103:02 6047479                   /usr/lib/jvm/jdk-21-oracle-x64/lib/libzip.so
7185520a7000-7185520ee000 rw-p 00000000 00:00 0 
7185520ee000-7185520f5000 ---p 00000000 00:00 0 
7185520f5000-718552115000 r-xp 00000000 103:02 6047455                   /usr/lib/jvm/jdk-21-oracle-x64/lib/libjava.so
718552115000-718552116000 ---p 00020000 103:02 6047455                   /usr/lib/jvm/jdk-21-oracle-x64/lib/libjava.so
718552116000-718552117000 r--p 00020000 103:02 6047455                   /usr/lib/jvm/jdk-21-oracle-x64/lib/libjava.so
718552117000-718552118000 rw-p 00021000 103:02 6047455                   /usr/lib/jvm/jdk-21-oracle-x64/lib/libjava.so
718552118000-718552119000 rw-p 00000000 00:00 0 
718552119000-718552127000 r--p 00000000 103:02 5271178                   /usr/lib/x86_64-linux-gnu/libm.so.6
718552127000-7185521a3000 r-xp 0000e000 103:02 5271178                   /usr/lib/x86_64-linux-gnu/libm.so.6
7185521a3000-7185521fe000 r--p 0008a000 103:02 5271178                   /usr/lib/x86_64-linux-gnu/libm.so.6
7185521fe000-7185521ff000 r--p 000e4000 103:02 5271178                   /usr/lib/x86_64-linux-gnu/libm.so.6
7185521ff000-718552200000 rw-p 000e5000 103:02 5271178                   /usr/lib/x86_64-linux-gnu/libm.so.6
718552200000-718552228000 r--p 00000000 103:02 5270527                   /usr/lib/x86_64-linux-gnu/libc.so.6
718552228000-7185523bd000 r-xp 00028000 103:02 5270527                   /usr/lib/x86_64-linux-gnu/libc.so.6
7185523bd000-718552415000 r--p 001bd000 103:02 5270527                   /usr/lib/x86_64-linux-gnu/libc.so.6
718552415000-718552416000 ---p 00215000 103:02 5270527                   /usr/lib/x86_64-linux-gnu/libc.so.6
718552416000-71855241a000 r--p 00215000 103:02 5270527                   /usr/lib/x86_64-linux-gnu/libc.so.6
71855241a000-71855241c000 rw-p 00219000 103:02 5270527                   /usr/lib/x86_64-linux-gnu/libc.so.6
71855241c000-718552429000 rw-p 00000000 00:00 0 
71855242b000-71855242d000 r-xp 00000000 103:02 6047448                   /usr/lib/jvm/jdk-21-oracle-x64/lib/libextnet.so
71855242d000-71855242e000 r--p 00001000 103:02 6047448                   /usr/lib/jvm/jdk-21-oracle-x64/lib/libextnet.so
71855242e000-71855242f000 rw-p 00002000 103:02 6047448                   /usr/lib/jvm/jdk-21-oracle-x64/lib/libextnet.so
71855242f000-718552437000 rw-s 00000000 103:02 7995433                   /tmp/hsperfdata_code/16454
718552437000-718552452000 r-xp 00000000 103:02 6047459                   /usr/lib/jvm/jdk-21-oracle-x64/lib/libjimage.so
718552452000-718552453000 ---p 0001b000 103:02 6047459                   /usr/lib/jvm/jdk-21-oracle-x64/lib/libjimage.so
718552453000-718552455000 r--p 0001b000 103:02 6047459                   /usr/lib/jvm/jdk-21-oracle-x64/lib/libjimage.so
718552455000-718552456000 rw-p 0001d000 103:02 6047459                   /usr/lib/jvm/jdk-21-oracle-x64/lib/libjimage.so
718552456000-718552457000 r--p 00000000 103:02 5271503                   /usr/lib/x86_64-linux-gnu/librt.so.1
718552457000-718552458000 r-xp 00001000 103:02 5271503                   /usr/lib/x86_64-linux-gnu/librt.so.1
718552458000-718552459000 r--p 00002000 103:02 5271503                   /usr/lib/x86_64-linux-gnu/librt.so.1
718552459000-71855245a000 r--p 00002000 103:02 5271503                   /usr/lib/x86_64-linux-gnu/librt.so.1
71855245a000-71855245b000 rw-p 00003000 103:02 5271503                   /usr/lib/x86_64-linux-gnu/librt.so.1
71855245b000-71855245f000 rw-p 00000000 00:00 0 
71855245f000-718552460000 r--p 00000000 103:02 5270669                   /usr/lib/x86_64-linux-gnu/libdl.so.2
718552460000-718552461000 r-xp 00001000 103:02 5270669                   /usr/lib/x86_64-linux-gnu/libdl.so.2
718552461000-718552462000 r--p 00002000 103:02 5270669                   /usr/lib/x86_64-linux-gnu/libdl.so.2
718552462000-718552463000 r--p 00002000 103:02 5270669                   /usr/lib/x86_64-linux-gnu/libdl.so.2
718552463000-718552464000 rw-p 00003000 103:02 5270669                   /usr/lib/x86_64-linux-gnu/libdl.so.2
718552464000-718552465000 r--p 00000000 103:02 5271447                   /usr/lib/x86_64-linux-gnu/libpthread.so.0
718552465000-718552466000 r-xp 00001000 103:02 5271447                   /usr/lib/x86_64-linux-gnu/libpthread.so.0
718552466000-718552467000 r--p 00002000 103:02 5271447                   /usr/lib/x86_64-linux-gnu/libpthread.so.0
718552467000-718552468000 r--p 00002000 103:02 5271447                   /usr/lib/x86_64-linux-gnu/libpthread.so.0
718552468000-718552469000 rw-p 00003000 103:02 5271447                   /usr/lib/x86_64-linux-gnu/libpthread.so.0
718552469000-718552477000 r-xp 00000000 103:02 6047460                   /usr/lib/jvm/jdk-21-oracle-x64/lib/libjli.so
718552477000-718552478000 ---p 0000e000 103:02 6047460                   /usr/lib/jvm/jdk-21-oracle-x64/lib/libjli.so
718552478000-718552479000 r--p 0000e000 103:02 6047460                   /usr/lib/jvm/jdk-21-oracle-x64/lib/libjli.so
718552479000-71855247a000 rw-p 0000f000 103:02 6047460                   /usr/lib/jvm/jdk-21-oracle-x64/lib/libjli.so
71855247a000-71855247c000 r--p 00000000 103:02 5271885                   /usr/lib/x86_64-linux-gnu/libz.so.1.2.11
71855247c000-71855248d000 r-xp 00002000 103:02 5271885                   /usr/lib/x86_64-linux-gnu/libz.so.1.2.11
71855248d000-718552493000 r--p 00013000 103:02 5271885                   /usr/lib/x86_64-linux-gnu/libz.so.1.2.11
718552493000-718552494000 ---p 00019000 103:02 5271885                   /usr/lib/x86_64-linux-gnu/libz.so.1.2.11
718552494000-718552495000 r--p 00019000 103:02 5271885                   /usr/lib/x86_64-linux-gnu/libz.so.1.2.11
718552495000-718552496000 rw-p 0001a000 103:02 5271885                   /usr/lib/x86_64-linux-gnu/libz.so.1.2.11
718552497000-7185524a1000 r-xp 00000000 103:02 6047450                   /usr/lib/jvm/jdk-21-oracle-x64/lib/libinstrument.so
7185524a1000-7185524a2000 ---p 0000a000 103:02 6047450                   /usr/lib/jvm/jdk-21-oracle-x64/lib/libinstrument.so
7185524a2000-7185524a3000 r--p 0000a000 103:02 6047450                   /usr/lib/jvm/jdk-21-oracle-x64/lib/libinstrument.so
7185524a3000-7185524a4000 rw-p 0000b000 103:02 6047450                   /usr/lib/jvm/jdk-21-oracle-x64/lib/libinstrument.so
7185524a4000-7185524a5000 ---p 00000000 00:00 0 
7185524a5000-7185524a6000 r--p 00000000 00:00 0 
7185524a6000-7185524a8000 rw-p 00000000 00:00 0 
7185524a8000-7185524aa000 r--p 00000000 103:02 5270182                   /usr/lib/x86_64-linux-gnu/ld-linux-x86-64.so.2
7185524aa000-7185524d4000 r-xp 00002000 103:02 5270182                   /usr/lib/x86_64-linux-gnu/ld-linux-x86-64.so.2
7185524d4000-7185524df000 r--p 0002c000 103:02 5270182                   /usr/lib/x86_64-linux-gnu/ld-linux-x86-64.so.2
7185524df000-7185524e0000 ---p 00000000 00:00 0 
7185524e0000-7185524e2000 r--p 00037000 103:02 5270182                   /usr/lib/x86_64-linux-gnu/ld-linux-x86-64.so.2
7185524e2000-7185524e4000 rw-p 00039000 103:02 5270182                   /usr/lib/x86_64-linux-gnu/ld-linux-x86-64.so.2
7ffce213c000-7ffce215d000 rw-p 00000000 00:00 0                          [stack]
7ffce21af000-7ffce21b3000 r--p 00000000 00:00 0                          [vvar]
7ffce21b3000-7ffce21b5000 r-xp 00000000 00:00 0                          [vdso]
ffffffffff600000-ffffffffff601000 --xp 00000000 00:00 0                  [vsyscall]
Total number of mappings: 229


VM Arguments:
jvm_args: -Dmaven.multiModuleProjectDirectory=/home/code/Downloads/forcompanytask/job chat app1/first -Djansi.passthrough=true -Dmaven.home=/home/code/.m2/wrapper/dists/apache-maven-3.9.5-bin/2adeog8mj13csp1uusqnc1f2mo/apache-maven-3.9.5 -Dclassworlds.conf=/home/code/.m2/wrapper/dists/apache-maven-3.9.5-bin/2adeog8mj13csp1uusqnc1f2mo/apache-maven-3.9.5/bin/m2.conf -Dmaven.ext.class.path=/snap/intellij-idea-community/491/plugins/maven/lib/maven-event-listener.jar -javaagent:/snap/intellij-idea-community/491/lib/idea_rt.jar=43707:/snap/intellij-idea-community/491/bin -Dfile.encoding=UTF-8 -Dsun.stdout.encoding=UTF-8 -Dsun.stderr.encoding=UTF-8 
java_command: org.codehaus.classworlds.Launcher -Didea.version=2023.3.5 clean
java_class_path (initial): /home/code/.m2/wrapper/dists/apache-maven-3.9.5-bin/2adeog8mj13csp1uusqnc1f2mo/apache-maven-3.9.5/boot/plexus-classworlds-2.7.0.jar:/home/code/.m2/wrapper/dists/apache-maven-3.9.5-bin/2adeog8mj13csp1uusqnc1f2mo/apache-maven-3.9.5/boot/plexus-classworlds.license
Launcher Type: SUN_STANDARD

[Global flags]
     intx CICompilerCount                          = 3                                         {product} {ergonomic}
     uint ConcGCThreads                            = 1                                         {product} {ergonomic}
     uint G1ConcRefinementThreads                  = 4                                         {product} {ergonomic}
   size_t G1HeapRegionSize                         = 1048576                                   {product} {ergonomic}
    uintx GCDrainStackTargetSize                   = 64                                        {product} {ergonomic}
   size_t InitialHeapSize                          = 130023424                                 {product} {ergonomic}
   size_t MarkStackSize                            = 4194304                                   {product} {ergonomic}
   size_t MaxHeapSize                              = 2057306112                                {product} {ergonomic}
   size_t MaxNewSize                               = 1234173952                                {product} {ergonomic}
   size_t MinHeapDeltaBytes                        = 1048576                                   {product} {ergonomic}
   size_t MinHeapSize                              = 8388608                                   {product} {ergonomic}
    uintx NonNMethodCodeHeapSize                   = 5832780                                {pd product} {ergonomic}
    uintx NonProfiledCodeHeapSize                  = 122912730                              {pd product} {ergonomic}
    uintx ProfiledCodeHeapSize                     = 122912730                              {pd product} {ergonomic}
    uintx ReservedCodeCacheSize                    = 251658240                              {pd product} {ergonomic}
     bool SegmentedCodeCache                       = true                                      {product} {ergonomic}
   size_t SoftMaxHeapSize                          = 2057306112                             {manageable} {ergonomic}
     bool UseCompressedOops                        = true                           {product lp64_product} {ergonomic}
     bool UseG1GC                                  = true                                      {product} {ergonomic}

Logging:
Log output configuration:
 #0: stdout all=warning uptime,level,tags foldmultilines=false
 #1: stderr all=off uptime,level,tags foldmultilines=false

Environment Variables:
JAVA_HOME=/usr/lib/jvm/jdk-21
PATH=/usr/local/sbin:/usr/local/bin:/usr/sbin:/usr/bin:/sbin:/bin:/usr/games:/usr/local/games:/snap/bin:/snap/bin
USERNAME=code
SHELL=/bin/bash
DISPLAY=:0
LANG=en_IN

Active Locale:
LC_ALL=en_IN
LC_COLLATE=en_IN
LC_CTYPE=en_IN
LC_MESSAGES=en_IN
LC_MONETARY=en_IN
LC_NUMERIC=en_IN
LC_TIME=en_IN

Signal Handlers:
   SIGSEGV: crash_handler in libjvm.so, mask=11100100010111111101111111111110, flags=SA_RESTART|SA_SIGINFO, unblocked
    SIGBUS: crash_handler in libjvm.so, mask=11100100010111111101111111111110, flags=SA_RESTART|SA_SIGINFO, unblocked
    SIGFPE: crash_handler in libjvm.so, mask=11100100010111111101111111111110, flags=SA_RESTART|SA_SIGINFO, unblocked
   SIGPIPE: javaSignalHandler in libjvm.so, mask=11100100010111111101111111111110, flags=SA_RESTART|SA_SIGINFO, blocked
   SIGXFSZ: javaSignalHandler in libjvm.so, mask=11100100010111111101111111111110, flags=SA_RESTART|SA_SIGINFO, blocked
    SIGILL: crash_handler in libjvm.so, mask=11100100010111111101111111111110, flags=SA_RESTART|SA_SIGINFO, unblocked
   SIGUSR2: SR_handler in libjvm.so, mask=00100000000000000000000000000000, flags=SA_RESTART|SA_SIGINFO, blocked
    SIGHUP: UserHandler in libjvm.so, mask=11100100010111111101111111111110, flags=SA_RESTART|SA_SIGINFO, blocked
    SIGINT: UserHandler in libjvm.so, mask=11100100010111111101111111111110, flags=SA_RESTART|SA_SIGINFO, blocked
   SIGTERM: UserHandler in libjvm.so, mask=11100100010111111101111111111110, flags=SA_RESTART|SA_SIGINFO, blocked
   SIGQUIT: UserHandler in libjvm.so, mask=11100100010111111101111111111110, flags=SA_RESTART|SA_SIGINFO, blocked
   SIGTRAP: crash_handler in libjvm.so, mask=11100100010111111101111111111110, flags=SA_RESTART|SA_SIGINFO, unblocked


Periodic native trim disabled

---------------  S Y S T E M  ---------------

OS:
DISTRIB_ID=Ubuntu
DISTRIB_RELEASE=22.04
DISTRIB_CODENAME=jammy
DISTRIB_DESCRIPTION="Ubuntu 22.04.4 LTS"
uname: Linux 6.5.0-25-generic #25~22.04.1-Ubuntu SMP PREEMPT_DYNAMIC Tue Feb 20 16:09:15 UTC 2 x86_64
OS uptime: 0 days 6:02 hours
libc: glibc 2.35 NPTL 2.35 
rlimit (soft/hard): STACK 8192k/infinity , CORE 0k/infinity , NPROC 31077/31077 , NOFILE 1048576/1048576 , AS infinity/infinity , CPU infinity/infinity , DATA infinity/infinity , FSIZE infinity/infinity , MEMLOCK 1004028k/1004028k
load average: 1.51 1.12 0.96

/proc/meminfo:
MemTotal:        8032240 kB
MemFree:          716888 kB
MemAvailable:    3764784 kB
Buffers:           58596 kB
Cached:          3449332 kB
SwapCached:         4636 kB
Active:          3299152 kB
Inactive:        3373296 kB
Active(anon):    2780960 kB
Inactive(anon):   681808 kB
Active(file):     518192 kB
Inactive(file):  2691488 kB
Unevictable:      151084 kB
Mlocked:              16 kB
SwapTotal:       2097148 kB
SwapFree:        2064124 kB
Zswap:                 0 kB
Zswapped:              0 kB
Dirty:               672 kB
Writeback:             4 kB
AnonPages:       3311124 kB
Mapped:          1222488 kB
Shmem:            298248 kB
KReclaimable:     123776 kB
Slab:             280816 kB
SReclaimable:     123776 kB
SUnreclaim:       157040 kB
KernelStack:       13328 kB
PageTables:        34348 kB
SecPageTables:         0 kB
NFS_Unstable:          0 kB
Bounce:                0 kB
WritebackTmp:          0 kB
CommitLimit:     6113268 kB
Committed_AS:    9076976 kB
VmallocTotal:   34359738367 kB
VmallocUsed:       42956 kB
VmallocChunk:          0 kB
Percpu:             3232 kB
HardwareCorrupted:     0 kB
AnonHugePages:         0 kB
ShmemHugePages:        0 kB
ShmemPmdMapped:        0 kB
FileHugePages:         0 kB
FilePmdMapped:         0 kB
Unaccepted:            0 kB
HugePages_Total:       0
HugePages_Free:        0
HugePages_Rsvd:        0
HugePages_Surp:        0
Hugepagesize:       2048 kB
Hugetlb:               0 kB
DirectMap4k:      183796 kB
DirectMap2M:     6017024 kB
DirectMap1G:     2097152 kB

/sys/kernel/mm/transparent_hugepage/enabled: always [madvise] never
/sys/kernel/mm/transparent_hugepage/defrag (defrag/compaction efforts parameter): always defer defer+madvise [madvise] never

Process Memory:
Virtual Size: 5182932K (peak: 5182932K)
Resident Set Size: 118160K (peak: 118160K) (anon: 94436K, file: 23724K, shmem: 0K)
Swapped out: 0K
C-Heap outstanding allocations: 32299K, retained: 6556K
glibc malloc tunables: (default)

/proc/sys/kernel/threads-max (system-wide limit on the number of threads): 62155
/proc/sys/vm/max_map_count (maximum number of memory map areas a process may have): 65530
/proc/sys/kernel/pid_max (system-wide limit on number of process identifiers): 4194304

container (cgroup) information:
container_type: cgroupv2
cpu_cpuset_cpus: not supported
cpu_memory_nodes: not supported
active_processor_count: 4
cpu_quota: not supported
cpu_period: not supported
cpu_shares: not supported
memory_limit_in_bytes: unlimited
memory_and_swap_limit_in_bytes: unlimited
memory_soft_limit_in_bytes: unlimited
memory_usage_in_bytes: 1909764 k
memory_max_usage_in_bytes: not supported
memory_swap_current_in_bytes: unlimited
memory_swap_max_limit_in_bytes: unlimited
maximum number of tasks: 9323
current number of tasks: 145

Steal ticks since vm start: 0
Steal ticks percentage since vm start:  0.000

CPU: total 4 (initial active 4) (2 cores per cpu, 2 threads per core) family 6 model 142 stepping 10 microcode 0xf4, cx8, cmov, fxsr, ht, mmx, 3dnowpref, sse, sse2, sse3, ssse3, sse4.1, sse4.2, popcnt, lzcnt, tsc, tscinvbit, avx, avx2, aes, erms, clmul, bmi1, bmi2, adx, fma, vzeroupper, clflush, clflushopt, rdtscp, f16c
CPU Model and flags from /proc/cpuinfo:
model name	: Intel(R) Core(TM) i3-8130U CPU @ 2.20GHz
flags		: fpu vme de pse tsc msr pae mce cx8 apic sep mtrr pge mca cmov pat pse36 clflush dts acpi mmx fxsr sse sse2 ss ht tm pbe syscall nx pdpe1gb rdtscp lm constant_tsc art arch_perfmon pebs bts rep_good nopl xtopology nonstop_tsc cpuid aperfmperf pni pclmulqdq dtes64 monitor ds_cpl vmx est tm2 ssse3 sdbg fma cx16 xtpr pdcm pcid sse4_1 sse4_2 x2apic movbe popcnt tsc_deadline_timer aes xsave avx f16c rdrand lahf_lm abm 3dnowprefetch cpuid_fault epb invpcid_single pti ssbd ibrs ibpb stibp tpr_shadow flexpriority ept vpid ept_ad fsgsbase tsc_adjust bmi1 avx2 smep bmi2 erms invpcid mpx rdseed adx smap clflushopt intel_pt xsaveopt xsavec xgetbv1 xsaves dtherm ida arat pln pts hwp hwp_notify hwp_act_window hwp_epp vnmi md_clear flush_l1d arch_capabilities

Online cpus: 0-3
Offline cpus: 
BIOS frequency limitation: <Not Available>
Frequency switch latency (ns): 0
Available cpu frequencies: <Not Available>
Current governor: powersave
Core performance/turbo boost: <Not Available>

Memory: 4k page, physical 8032240k(3764784k free), swap 2097148k(2064124k free)
Page Sizes: 4k

vm_info: Java HotSpot(TM) 64-Bit Server VM (21.0.2+13-LTS-58) for linux-amd64 JRE (21.0.2+13-LTS-58), built on 2024-01-05T18:32:24Z by "mach5one" with gcc 11.2.0

END.
